C51 COMPILER V9.54   BUZZER                                                                02/23/2026 00:17:55 PAGE 1   


C51 COMPILER V9.54, COMPILATION OF MODULE BUZZER
OBJECT MODULE PLACED IN .\Objects\Buzzer.obj
COMPILER INVOKED BY: D:\keil5\C51\BIN\C51.EXE Buzzer.c OPTIMIZE(8,SPEED) BROWSE DEBUG OBJECTEXTEND PRINT(.\Listings\Buzz
                    -er.lst) OBJECT(.\Objects\Buzzer.obj)

line level    source

   1          #include <REGX52.H>
   2          #include "INTRINS.h"
   3          
   4          //蜂鸣器引脚定义
   5          sbit Buzzer=P2^5;
   6          
   7          /**
   8           * @brief       蜂鸣器私有延时函数，延时500us
   9           * @param       无
  10           * @retval      无
  11           */
  12          void Buzzer_Delay500us()                //@11.0592MHz
  13          {
  14   1              unsigned char i;
  15   1      
  16   1              _nop_();
  17   1              i = 227;
  18   1              while (--i);
  19   1      }
  20          
  21          /**
  22           * @brief       蜂鸣器发声
  23           * @param       xms     蜂鸣器发声时长
  24           * @retval      无
  25           */
  26          void Buzzer_Time(unsigned int xms)
  27          {
  28   1              unsigned int i; 
  29   1              for(i=0;i<xms*2;i++)            //循环加倍，等于发声时长
  30   1              {
  31   2                      Buzzer=!Buzzer;                 //引脚反转，蜂鸣器发声
  32   2                      Buzzer_Delay500us();    //蜂鸣器发声频率为1000HZ
  33   2              }
  34   1      
  35   1      }


MODULE INFORMATION:   STATIC OVERLAYABLE
   CODE SIZE        =     40    ----
   CONSTANT SIZE    =   ----    ----
   XDATA SIZE       =   ----    ----
   PDATA SIZE       =   ----    ----
   DATA SIZE        =   ----    ----
   IDATA SIZE       =   ----    ----
   BIT SIZE         =   ----    ----
END OF MODULE INFORMATION.


C51 COMPILATION COMPLETE.  0 WARNING(S),  0 ERROR(S)
