C51 COMPILER V9.54   MAIN                                                                  02/23/2026 00:19:24 PAGE 1   


C51 COMPILER V9.54, COMPILATION OF MODULE MAIN
OBJECT MODULE PLACED IN .\Objects\main.obj
COMPILER INVOKED BY: D:\keil5\C51\BIN\C51.EXE main.c OPTIMIZE(8,SPEED) BROWSE DEBUG OBJECTEXTEND PRINT(.\Listings\main.l
                    -st) OBJECT(.\Objects\main.obj)

line level    source

   1          #include <REGX52.H>
   2          #include "Nixie.h"
   3          #include "Key.h"
   4          #include "Buzzer.h"
   5          
   6          unsigned char KeyNum;
   7          
   8          void main()
   9          {
  10   1      
  11   1              Nixie(1,0);             //数码管初始显示为0；
  12   1              while(1)
  13   1              {
  14   2                      KeyNum=Key();   //获取按键键码值
  15   2                      if(KeyNum)
  16   2                      {
  17   3                              Nixie(1,KeyNum);        //数码管显示按键键码
  18   3                              Buzzer_Time(100);       //蜂鸣器持续发声
  19   3                      }
  20   2              }
  21   1      }


MODULE INFORMATION:   STATIC OVERLAYABLE
   CODE SIZE        =     34    ----
   CONSTANT SIZE    =   ----    ----
   XDATA SIZE       =   ----    ----
   PDATA SIZE       =   ----    ----
   DATA SIZE        =      1    ----
   IDATA SIZE       =   ----    ----
   BIT SIZE         =   ----    ----
END OF MODULE INFORMATION.


C51 COMPILATION COMPLETE.  0 WARNING(S),  0 ERROR(S)
