C51 COMPILER V9.54   NIXIE                                                                 02/23/2026 00:12:28 PAGE 1   


C51 COMPILER V9.54, COMPILATION OF MODULE NIXIE
OBJECT MODULE PLACED IN .\Objects\Nixie.obj
COMPILER INVOKED BY: D:\keil5\C51\BIN\C51.EXE Nixie.c OPTIMIZE(8,SPEED) BROWSE DEBUG OBJECTEXTEND PRINT(.\Listings\Nixie
                    -.lst) OBJECT(.\Objects\Nixie.obj)

line level    source

   1          #include <REGX52.H>
   2          
   3          //数码管显示数字数组，分别为0~9的显示数据
   4          unsigned char NixieTable[]={0x3F,0x06,0x5B,0x4F,0x66,0x6D,0x7D,0x07,0x7F,0x6F};
   5          
   6          /**
   7           * @brief       数码管显示
   8           * @param       Location 选中要显示的数码管，范围：1~8
   9           * @param       Number 要显示的数据，范围：0~9
  10           * @retval      无
  11           */
  12          void Nixie(unsigned char Location,Number)
  13          {
  14   1              switch(Location)
  15   1              {
  16   2                      case 1:P2_4=1,P2_3=1,P2_2=1;break;
  17   2                      case 2:P2_4=1,P2_3=1,P2_2=0;break;
  18   2                      case 3:P2_4=1,P2_3=0,P2_2=1;break;
  19   2                      case 4:P2_4=1,P2_3=0,P2_2=0;break;
  20   2                      case 5:P2_4=0,P2_3=1,P2_2=1;break;
  21   2                      case 6:P2_4=0,P2_3=1,P2_2=0;break;
  22   2                      case 7:P2_4=0,P2_3=0,P2_2=1;break;
  23   2                      case 8:P2_4=0,P2_3=0,P2_2=0;break;
  24   2              }
  25   1      
  26   1              P0=NixieTable[Number];
  27   1      }


MODULE INFORMATION:   STATIC OVERLAYABLE
   CODE SIZE        =     99    ----
   CONSTANT SIZE    =   ----    ----
   XDATA SIZE       =   ----    ----
   PDATA SIZE       =   ----    ----
   DATA SIZE        =     10    ----
   IDATA SIZE       =   ----    ----
   BIT SIZE         =   ----    ----
END OF MODULE INFORMATION.


C51 COMPILATION COMPLETE.  0 WARNING(S),  0 ERROR(S)
