C51 COMPILER V9.54   MAIN                                                                  02/08/2026 23:23:13 PAGE 1   


C51 COMPILER V9.54, COMPILATION OF MODULE MAIN
OBJECT MODULE PLACED IN .\Objects\main.obj
COMPILER INVOKED BY: D:\keil5\C51\BIN\C51.EXE main.c OPTIMIZE(8,SPEED) BROWSE DEBUG OBJECTEXTEND PRINT(.\Listings\main.l
                    -st) OBJECT(.\Objects\main.obj)

line level    source

   1          #include <REGX52.H>
   2          #include <INTRINS.H>
   3          
   4          void Delay(unsigned int xms);
   5          unsigned char LEDNum;
   6          
   7          void main()
   8          {
   9   1              P2=~0x01;
  10   1              while(1)
  11   1              {
  12   2                      if(P3_1==0)
  13   2                      {
  14   3                              Delay(20);
  15   3                              while(P3_1==0);
  16   3                              Delay(20);
  17   3                              
  18   3                              LEDNum++;
  19   3                              if(LEDNum>=8)
  20   3                                      LEDNum=0;
  21   3                              P2=~(0x01<<LEDNum);
  22   3                              
  23   3                      }
  24   2                      if(P3_0==0)
  25   2                      {
  26   3                              Delay(20);
  27   3                              while(P3_0==0);
  28   3                              Delay(20);
  29   3                              
  30   3                              if(LEDNum==0)
  31   3                                      LEDNum=7;
  32   3                              else
  33   3                                      LEDNum--;
  34   3                              P2=~(0x01<<LEDNum);
  35   3                              
  36   3                      }
  37   2      
  38   2              }
  39   1      }
  40          
  41          void Delay(unsigned int xms)            //@11.0592MHz
  42          {
  43   1              unsigned char i, j;
  44   1      
  45   1              while(xms--)
  46   1              {       
  47   2                      _nop_();
  48   2                      i = 2;
  49   2                      j = 199;
  50   2                      do
  51   2                      {
  52   3                              while (--j);
  53   3                      } while (--i);
  54   2      
C51 COMPILER V9.54   MAIN                                                                  02/08/2026 23:23:13 PAGE 2   

  55   2              }
  56   1      }
  57          


MODULE INFORMATION:   STATIC OVERLAYABLE
   CODE SIZE        =    110    ----
   CONSTANT SIZE    =   ----    ----
   XDATA SIZE       =   ----    ----
   PDATA SIZE       =   ----    ----
   DATA SIZE        =      1    ----
   IDATA SIZE       =   ----    ----
   BIT SIZE         =   ----    ----
END OF MODULE INFORMATION.


C51 COMPILATION COMPLETE.  0 WARNING(S),  0 ERROR(S)
