C51 COMPILER V9.54   MATRIXKEY                                                             02/11/2026 19:00:33 PAGE 1   


C51 COMPILER V9.54, COMPILATION OF MODULE MATRIXKEY
OBJECT MODULE PLACED IN .\Objects\MatrixKey.obj
COMPILER INVOKED BY: D:\keil5\C51\BIN\C51.EXE MatrixKey.c OPTIMIZE(8,SPEED) BROWSE DEBUG OBJECTEXTEND PRINT(.\Listings\M
                    -atrixKey.lst) OBJECT(.\Objects\MatrixKey.obj)

line level    source

   1          #include <REGX52.H>
   2          #include "Delay.h"
   3          
   4          /**
   5           * @brief  ń¤®ķśĄķö«ńøśĶ»╗ÕÅ¢ķö«ńøśķö«ńĀüÕĆ╝
   6           * @param  µŚĀ
   7           * @retval KeyNumber µīēõĖŗńÜäķö«ńĀüÕĆ╝’╝īÕ”éµ×£µīēķö«µīēõĖŗõĖŹµöŠ’╝īń©ŗÕ║Åõ╝ÜÕü£ńĢÖÕ£©µŁżÕćĮµĢ░’╝īµØŠµēŗń
             -ÜäõĖĆń×¼ķŚ┤’╝īĶ┐öÕø×ķö«ńĀüÕĆ╝’╝īµ▓Īµ£ēµīēķö«µīēõĖŗµŚČ’╝īĶ┐öÕø×0
   8           */
   9          
  10          unsigned char MatrixKey()
  11          {
  12   1              unsigned char KeyNumber=0;
  13   1      
  14   1                      P1=0xFF;  //µīēÕłŚµē½µÅÅ
  15   1                      P1_3=0;
  16   1                      if(P1_7==0){Delay(20);while(P1_7==0);Delay(20);KeyNumber=1;}
  17   1                      if(P1_6==0){Delay(20);while(P1_6==0);Delay(20);KeyNumber=5;}
  18   1                      if(P1_5==0){Delay(20);while(P1_5==0);Delay(20);KeyNumber=9;}
  19   1                      if(P1_4==0){Delay(20);while(P1_4==0);Delay(20);KeyNumber=13;}
  20   1      
  21   1                      P1=0xFF;
  22   1                      P1_2=0;
  23   1                      if(P1_7==0){Delay(20);while(P1_7==0);Delay(20);KeyNumber=2;}
  24   1                      if(P1_6==0){Delay(20);while(P1_6==0);Delay(20);KeyNumber=6;}
  25   1                      if(P1_5==0){Delay(20);while(P1_5==0);Delay(20);KeyNumber=10;}
  26   1                      if(P1_4==0){Delay(20);while(P1_4==0);Delay(20);KeyNumber=14;}
  27   1      
  28   1                      P1=0xFF;
  29   1                      P1_1=0;
  30   1                      if(P1_7==0){Delay(20);while(P1_7==0);Delay(20);KeyNumber=3;}
  31   1                      if(P1_6==0){Delay(20);while(P1_6==0);Delay(20);KeyNumber=7;}
  32   1                      if(P1_5==0){Delay(20);while(P1_5==0);Delay(20);KeyNumber=11;}
  33   1                      if(P1_4==0){Delay(20);while(P1_4==0);Delay(20);KeyNumber=15;}
  34   1      
  35   1                      P1=0xFF;
  36   1                      P1_0=0;
  37   1                      if(P1_7==0){Delay(20);while(P1_7==0);Delay(20);KeyNumber=4;}
  38   1                      if(P1_6==0){Delay(20);while(P1_6==0);Delay(20);KeyNumber=8;}
  39   1                      if(P1_5==0){Delay(20);while(P1_5==0);Delay(20);KeyNumber=12;}
  40   1                      if(P1_4==0){Delay(20);while(P1_4==0);Delay(20);KeyNumber=16;}
  41   1                      
  42   1                      /*P1=0xFF;  //µīēĶĪīµē½µÅÅ
  43   1                      P1_7=0;
  44   1                      if(P1_3==0){Delay(20);while(P1_3==0);Delay(20);KeyNumber=1;}
  45   1                      if(P1_2==0){Delay(20);while(P1_2==0);Delay(20);KeyNumber=2;}
  46   1                      if(P1_1==0){Delay(20);while(P1_1==0);Delay(20);KeyNumber=3;}
  47   1                      if(P1_0==0){Delay(20);while(P1_0==0);Delay(20);KeyNumber=4;}
  48   1      
  49   1                      P1=0xFF;
  50   1                      P1_6=0;
  51   1                      if(P1_3==0){Delay(20);while(P1_3==0);Delay(20);KeyNumber=5;}
  52   1                      if(P1_2==0){Delay(20);while(P1_2==0);Delay(20);KeyNumber=6;}
  53   1                      if(P1_1==0){Delay(20);while(P1_1==0);Delay(20);KeyNumber=7;}
C51 COMPILER V9.54   MATRIXKEY                                                             02/11/2026 19:00:33 PAGE 2   

  54   1                      if(P1_0==0){Delay(20);while(P1_0==0);Delay(20);KeyNumber=8;}
  55   1      
  56   1                      P1=0xFF;
  57   1                      P1_5=0;
  58   1                      if(P1_3==0){Delay(20);while(P1_3==0);Delay(20);KeyNumber=9;}
  59   1                      if(P1_2==0){Delay(20);while(P1_2==0);Delay(20);KeyNumber=10;}
  60   1                      if(P1_1==0){Delay(20);while(P1_1==0);Delay(20);KeyNumber=11;}
  61   1                      if(P1_0==0){Delay(20);while(P1_0==0);Delay(20);KeyNumber=12;}
  62   1      
  63   1                      P1=0xFF;
  64   1                      P1_4=0;
  65   1                      if(P1_3==0){Delay(20);while(P1_3==0);Delay(20);KeyNumber=13;}
  66   1                      if(P1_2==0){Delay(20);while(P1_2==0);Delay(20);KeyNumber=14;}
  67   1                      if(P1_1==0){Delay(20);while(P1_1==0);Delay(20);KeyNumber=15;}
  68   1                      if(P1_0==0){Delay(20);while(P1_0==0);Delay(20);KeyNumber=16;}
  69   1                      */
  70   1                      
  71   1                      return KeyNumber;
  72   1      }
  73          


MODULE INFORMATION:   STATIC OVERLAYABLE
   CODE SIZE        =    393    ----
   CONSTANT SIZE    =   ----    ----
   XDATA SIZE       =   ----    ----
   PDATA SIZE       =   ----    ----
   DATA SIZE        =   ----       1
   IDATA SIZE       =   ----    ----
   BIT SIZE         =   ----    ----
END OF MODULE INFORMATION.


C51 COMPILATION COMPLETE.  0 WARNING(S),  0 ERROR(S)
