C51 COMPILER V9.54   MAIN                                                                  03/15/2026 18:55:32 PAGE 1   


C51 COMPILER V9.54, COMPILATION OF MODULE MAIN
OBJECT MODULE PLACED IN .\Objects\main.obj
COMPILER INVOKED BY: D:\keil5\C51\BIN\C51.EXE main.c OPTIMIZE(8,SPEED) BROWSE DEBUG OBJECTEXTEND PRINT(.\Listings\main.l
                    -st) OBJECT(.\Objects\main.obj)

line level    source

   1          #include <REGX52.H>
   2          
   3          //引脚定义
   4          sbit LED=P2^0;
   5          
   6          //延时函数
   7          void Delay(unsigned char xus)           //@11.0592MHz  100us
   8          {
   9   1              while(xus--);
  10   1      }
  11          
  12          void main()
  13          {
  14   1              unsigned char Time,Count;               //控制延时时间，来改变LED亮的时间达到呼吸灯的效果
  15   1              while(1)
  16   1              {
  17   2                      for(Time=0;Time<100;Time++)                     //改变LED亮的时间，来改变LED显示的亮度
  18   2                      {
  19   3                              for(Count=0;Count<=20;Count++)          //增加显示时间
  20   3                              {
  21   4                                      LED=0;  
  22   4                                      Delay(Time);    
  23   4                                      LED=1;  
  24   4                                      Delay(100-Time);                        
  25   4                              }
  26   3                      }
  27   2                      for(Time=100;Time>0;Time--)
  28   2                      {
  29   3                              for(Count=0;Count<=20;Count++)
  30   3                              {
  31   4                                      LED=0;  
  32   4                                      Delay(Time);    
  33   4                                      LED=1;  
  34   4                                      Delay(100-Time);                                
  35   4                              }
  36   3                      
  37   3                      }               
  38   2              }
  39   1      }


MODULE INFORMATION:   STATIC OVERLAYABLE
   CODE SIZE        =     56    ----
   CONSTANT SIZE    =   ----    ----
   XDATA SIZE       =   ----    ----
   PDATA SIZE       =   ----    ----
   DATA SIZE        =   ----    ----
   IDATA SIZE       =   ----    ----
   BIT SIZE         =   ----    ----
END OF MODULE INFORMATION.


C51 COMPILATION COMPLETE.  0 WARNING(S),  0 ERROR(S)
