C51 COMPILER V9.54   MAIN                                                                  03/08/2026 15:15:38 PAGE 1   


C51 COMPILER V9.54, COMPILATION OF MODULE MAIN
OBJECT MODULE PLACED IN .\Objects\main.obj
COMPILER INVOKED BY: D:\keil5\C51\BIN\C51.EXE main.c OPTIMIZE(8,SPEED) BROWSE DEBUG OBJECTEXTEND PRINT(.\Listings\main.l
                    -st) OBJECT(.\Objects\main.obj)

line level    source

   1          #include <REGX52.H>
   2          #include "Nixie.h"
   3          #include "Key.h"
   4          #include "Timer0.h"
   5          #include "Delay.h"
   6          #include "AT24C02.h"
   7          
   8          unsigned char KeyNum;
   9          unsigned char Hour=15,Min=15,Sec;
  10          unsigned char RunFlag;
  11          
  12          void main()
  13          {
  14   1              Timer0_Init();
  15   1              while(1)
  16   1              {
  17   2                      KeyNum=Key();
  18   2                      if(KeyNum==1)                   //K1按键按下
  19   2                      {
  20   3                              RunFlag=!RunFlag;       //启动标志位翻转
  21   3                      }
  22   2                      if(KeyNum==2)                   //K2按键按下
  23   2                      {
  24   3                              Hour=0;
  25   3                              Min=0;                          //分秒清0
  26   3                              Sec=0;
  27   3                      }               
  28   2                      if(KeyNum==3)                   //K3按键按下
  29   2                      {
  30   3                              AT24C02_WriteByte(0,Min);               //将分秒写入AT24C02
  31   3                              Delay(5);
  32   3                              AT24C02_WriteByte(1,Sec);
  33   3                              Delay(5);
  34   3                              AT24C02_WriteByte(2,Hour);
  35   3                              Delay(5);
  36   3                      }
  37   2                      if(KeyNum==4)                   //K4按键按下
  38   2                      {
  39   3                              Min=AT24C02_ReadByte(0);                //读出AT24C02数据
  40   3                              Sec=AT24C02_ReadByte(1);
  41   3                              Hour=AT24C02_ReadByte(2);
  42   3                      }               
  43   2      
  44   2                      Nixie_SetBuf(1,Hour/10);        //设置显示缓存，显示数据
  45   2                      Nixie_SetBuf(2,Hour%10);                                
  46   2                      Nixie_SetBuf(3,11);             
  47   2                      Nixie_SetBuf(4,Min/10);         
  48   2                      Nixie_SetBuf(5,Min%10);
  49   2                      Nixie_SetBuf(6,11);     
  50   2                      Nixie_SetBuf(7,Sec/10);
  51   2                      Nixie_SetBuf(8,Sec%10);
  52   2      
  53   2      
  54   2                      
C51 COMPILER V9.54   MAIN                                                                  03/08/2026 15:15:38 PAGE 2   

  55   2              }
  56   1      }
  57          
  58          /**
  59           * @brief       钟表驱动函数，在中断中调用
  60           * @param       无
  61           * @retval      无
  62           */
  63          void Sec_Loop(void)
  64          {
  65   1              if(RunFlag)             //启动标志
  66   1              {
  67   2                      Sec++;
  68   2                      if(Sec>=60)
  69   2                      {
  70   3                              Sec=0;
  71   3                              Min++;
  72   3                                      if(Min>=60)
  73   3                                      {
  74   4                                              Min=0;
  75   4                                              Hour++;
  76   4                                              if(Hour>=24)
  77   4                                              {
  78   5                                                      Hour=0;
  79   5                                              }
  80   4                                      }
  81   3                      }
  82   2              }       
  83   1      
  84   1      }
  85          
  86          void Timer0_Routine() interrupt 1
  87          {
  88   1              static unsigned int T0Count1,T0Count2,T0Count3;
  89   1              
  90   1              TL0 = 0x66;             //设置定时初值
  91   1              TH0 = 0xFC;             //设置定时初值
  92   1              T0Count1++;
  93   1              if(T0Count1>=20)
  94   1              {
  95   2                      T0Count1=0;
  96   2                      Key_Loop();             //20ms调用一次按键驱动函数
  97   2              }
  98   1              T0Count2++;
  99   1              if(T0Count2>=2)
 100   1              {
 101   2                      T0Count2=0;
 102   2                      Nixie_Loop();   //2ms调用一次数码管驱动函数
 103   2              }
 104   1              T0Count3++;
 105   1              if(T0Count3>=1000)
 106   1              {
 107   2                      T0Count3=0;
 108   2                      Sec_Loop();             //1000ms调用一次秒表驱动函数
 109   2              }
 110   1      }


MODULE INFORMATION:   STATIC OVERLAYABLE
   CODE SIZE        =    410    ----
   CONSTANT SIZE    =   ----    ----
   XDATA SIZE       =   ----    ----
C51 COMPILER V9.54   MAIN                                                                  03/08/2026 15:15:38 PAGE 3   

   PDATA SIZE       =   ----    ----
   DATA SIZE        =     11    ----
   IDATA SIZE       =   ----    ----
   BIT SIZE         =   ----    ----
END OF MODULE INFORMATION.


C51 COMPILATION COMPLETE.  0 WARNING(S),  0 ERROR(S)
