C51 COMPILER V9.54   NIXIE                                                                 03/08/2026 15:05:20 PAGE 1   


C51 COMPILER V9.54, COMPILATION OF MODULE NIXIE
OBJECT MODULE PLACED IN .\Objects\Nixie.obj
COMPILER INVOKED BY: D:\keil5\C51\BIN\C51.EXE Nixie.c OPTIMIZE(8,SPEED) BROWSE DEBUG OBJECTEXTEND PRINT(.\Listings\Nixie
                    -.lst) OBJECT(.\Objects\Nixie.obj)

line level    source

   1          #include <REGX52.H>
   2          #include "Delay.h"
   3          
   4          //数码管显示缓存区
   5          unsigned char NixieBuf[9]={0,10,10,10,10,10,10,10,10};
   6          
   7          /**
   8           * @brief       设置数码管显示缓存
   9           * @param  Location 要设置的位置，范围：1~8
  10           * @param  Number 要设置的数字，范围：段码表索引范围
  11           * @retval      无
  12           */
  13          void Nixie_SetBuf(unsigned char Location,Number)
  14          {
  15   1              NixieBuf[Location]=Number;              //设置显示缓存区中的内容与数码管位选表相对应
  16   1      
  17   1      }
  18          
  19          //数码管段码表
  20          unsigned char NixieTable[]={0x3F,0x06,0x5B,0x4F,0x66,0x6D,0x7D,0x07,0x7F,0x6F,0x00,0x40};
  21          
  22          /**
  23           * @brief       数码管扫描显示
  24           * @param  Location 要显示的位置，范围：1~8
  25           * @param  Number 要显示的数字，范围：段码表索引范围
  26           * @retval      无
  27           */
  28          void Nixie_Scan(unsigned char Location,Number)
  29          {
  30   1              P0=0x00;                                //段码清0，消影
  31   1              switch(Location)                //位码输出
  32   1              {
  33   2                      case 1:P2_4=1,P2_3=1,P2_2=1;break;
  34   2                      case 2:P2_4=1,P2_3=1,P2_2=0;break;
  35   2                      case 3:P2_4=1,P2_3=0,P2_2=1;break;
  36   2                      case 4:P2_4=1,P2_3=0,P2_2=0;break;
  37   2                      case 5:P2_4=0,P2_3=1,P2_2=1;break;
  38   2                      case 6:P2_4=0,P2_3=1,P2_2=0;break;
  39   2                      case 7:P2_4=0,P2_3=0,P2_2=1;break;
  40   2                      case 8:P2_4=0,P2_3=0,P2_2=0;break;
  41   2              }
  42   1              P0=NixieTable[Number];  //段码输出
  43   1      }
  44          
  45          /**
  46           * @brief       数码管驱动函数，在中断中调用
  47           * @param       无
  48           * @retval      无
  49           */
  50          void Nixie_Loop(void)
  51          {
  52   1              static unsigned char i=1;
  53   1              Nixie_Scan(i,NixieBuf[i]);
  54   1              i++;
C51 COMPILER V9.54   NIXIE                                                                 03/08/2026 15:05:20 PAGE 2   

  55   1              if(i>=9){i=1;}
  56   1      }


MODULE INFORMATION:   STATIC OVERLAYABLE
   CODE SIZE        =    138    ----
   CONSTANT SIZE    =   ----    ----
   XDATA SIZE       =   ----    ----
   PDATA SIZE       =   ----    ----
   DATA SIZE        =     22    ----
   IDATA SIZE       =   ----    ----
   BIT SIZE         =   ----    ----
END OF MODULE INFORMATION.


C51 COMPILATION COMPLETE.  0 WARNING(S),  0 ERROR(S)
