C51 COMPILER V9.54   MAIN                                                                  02/22/2026 17:07:14 PAGE 1   


C51 COMPILER V9.54, COMPILATION OF MODULE MAIN
OBJECT MODULE PLACED IN .\Objects\main.obj
COMPILER INVOKED BY: D:\keil5\C51\BIN\C51.EXE main.c OPTIMIZE(8,SPEED) BROWSE DEBUG OBJECTEXTEND PRINT(.\Listings\main.l
                    -st) OBJECT(.\Objects\main.obj)

line level    source

   1          #include <REGX52.H>
   2          #include "LCD1602.h"
   3          #include "DS1302.h"
   4          #include "Key.h"
   5          #include "Timer0.h"
   6          
   7          
   8          unsigned char MODE,KeyNum,TimeSetSelect,TimeSetFlashFlag;
   9          
  10          void TimeShow(void)//时间显示功能
  11          {
  12   1              DS1302_ReadTime();              //读取芯片时间
  13   1              LCD_ShowNum(1,1,DS1302_Time[0],2);      //显示年
  14   1              LCD_ShowNum(1,4,DS1302_Time[1],2);      //显示月
  15   1              LCD_ShowNum(1,7,DS1302_Time[2],2);      //显示日
  16   1              LCD_ShowNum(2,1,DS1302_Time[3],2);      //显示时
  17   1              LCD_ShowNum(2,4,DS1302_Time[4],2);      //显示分
  18   1              LCD_ShowNum(2,7,DS1302_Time[5],2);      //显示秒
  19   1              LCD_ShowNum(1,10,DS1302_Time[6],1);     //显示星期
  20   1      }
  21          
  22          void TimeSet(void)//时间设置功能
  23          {
  24   1              if(KeyNum==2)//按键2按下
  25   1              {
  26   2                      TimeSetSelect++;        //时间设置选择位加1
  27   2                      TimeSetSelect%=7;       //时间设置选择位大于6清零
  28   2              }
  29   1              if(KeyNum==3)//按键3按下
  30   1              {
  31   2                      DS1302_Time[TimeSetSelect]++;   //所选时间加1
  32   2                      if(DS1302_Time[0]>99)   {DS1302_Time[0]=00;}    //年溢出判断
  33   2                      if(DS1302_Time[1]>12)   {DS1302_Time[1]=01;}    //月溢出判断
  34   2                      if(DS1302_Time[1]==1 || DS1302_Time[1] ==3 || DS1302_Time[1] ==5 || DS1302_Time[1] ==7 ||
  35   2                               DS1302_Time[1] ==8 || DS1302_Time[1] ==10 || DS1302_Time[1] ==12)//日溢出判断
  36   2                      {
  37   3                              if(DS1302_Time[2]>31)   {DS1302_Time[2]=01;}
  38   3                      }
  39   2                      else if(DS1302_Time[1]==4 || DS1302_Time[1] ==6 || DS1302_Time[1] ==9 || DS1302_Time[1] ==11)
  40   2                      {
  41   3                              if(DS1302_Time[2]>30)   {DS1302_Time[2]=01;}
  42   3                      }
  43   2                      else if(DS1302_Time[1]==2)      //2月单独判断，是否闰年
  44   2                      {
  45   3                              if(DS1302_Time[0]%4==0)
  46   3                              {
  47   4                                      if(DS1302_Time[2]>29)   {DS1302_Time[2]=01;}    
  48   4                              }
  49   3                              else
  50   3                              {
  51   4                                      if(DS1302_Time[2]>28)   {DS1302_Time[2]=01;}    
  52   4                              }
  53   3                      }
  54   2                      if(DS1302_Time[3]>23)   {DS1302_Time[3]=00;}    //时溢出判断
C51 COMPILER V9.54   MAIN                                                                  02/22/2026 17:07:14 PAGE 2   

  55   2                      if(DS1302_Time[4]>59)   {DS1302_Time[4]=00;}    //分溢出判断
  56   2                      if(DS1302_Time[5]>59)   {DS1302_Time[5]=00;}    //秒溢出判断
  57   2                      if(DS1302_Time[6]>7)    {DS1302_Time[6]=1;}             //星期溢出判断
  58   2              }
  59   1              if(KeyNum==4)//按键4按下
  60   1              {
  61   2                      DS1302_Time[TimeSetSelect]--;   //所选时间减1
  62   2                      if(DS1302_Time[0]<0)    {DS1302_Time[0]=99;}    //年溢出判断
  63   2                      if(DS1302_Time[1]<1)    {DS1302_Time[1]=12;}    //月溢出判断
  64   2                      if(DS1302_Time[1]==1 || DS1302_Time[1] ==3 || DS1302_Time[1] ==5 || DS1302_Time[1] ==7 ||
  65   2                               DS1302_Time[1] ==8 || DS1302_Time[1] ==10 || DS1302_Time[1] ==12)      //日溢出判断
  66   2                      {
  67   3                              if(DS1302_Time[2]<1)    {DS1302_Time[2]=31;}
  68   3                              if(DS1302_Time[2]>31)   {DS1302_Time[2]=01;}
  69   3                      }
  70   2                      else if(DS1302_Time[1]==4 || DS1302_Time[1] ==6 || DS1302_Time[1] ==9 || DS1302_Time[1] ==11)
  71   2                      {
  72   3                              if(DS1302_Time[2]<1)    {DS1302_Time[2]=30;}
  73   3                              if(DS1302_Time[2]>30)   {DS1302_Time[2]=01;}
  74   3                      }
  75   2                      else if(DS1302_Time[1]==2)      //2月单独判断，是否闰年
  76   2                      {
  77   3                              if(DS1302_Time[0]%4==0)
  78   3                              {
  79   4                                      if(DS1302_Time[2]<1)    {DS1302_Time[2]=29;}    
  80   4                                      if(DS1302_Time[2]>29)   {DS1302_Time[2]=01;}    
  81   4                              }
  82   3                              else
  83   3                              {
  84   4                                      if(DS1302_Time[2]<1)    {DS1302_Time[2]=28;}    
  85   4                                      if(DS1302_Time[2]>28)   {DS1302_Time[2]=01;}    
  86   4                              }
  87   3                      }
  88   2                      if(DS1302_Time[3]<0)    {DS1302_Time[3]=23;}    //时溢出判断
  89   2                      if(DS1302_Time[4]<0)    {DS1302_Time[4]=59;}    //分溢出判断
  90   2                      if(DS1302_Time[5]<0)    {DS1302_Time[5]=59;}    //秒溢出判断
  91   2                      if(DS1302_Time[6]<1)    {DS1302_Time[6]=7;}             //星期溢出判断
  92   2              }
  93   1              //更新显示与闪烁
  94   1              if(TimeSetSelect==0 && TimeSetFlashFlag==1)     {LCD_ShowString(1,1,"  ");}
  95   1              else {  LCD_ShowNum(1,1,DS1302_Time[0],2);}     //显示年
  96   1              if(TimeSetSelect==1 && TimeSetFlashFlag==1)     {LCD_ShowString(1,4,"  ");}
  97   1              else {  LCD_ShowNum(1,4,DS1302_Time[1],2);}     //显示月
  98   1              if(TimeSetSelect==2 && TimeSetFlashFlag==1)     {LCD_ShowString(1,7,"  ");}
  99   1              else {  LCD_ShowNum(1,7,DS1302_Time[2],2);}     //显示日
 100   1              if(TimeSetSelect==3 && TimeSetFlashFlag==1)     {LCD_ShowString(2,1,"  ");}
 101   1              else {  LCD_ShowNum(2,1,DS1302_Time[3],2);}     //显示时
 102   1              if(TimeSetSelect==4 && TimeSetFlashFlag==1)     {LCD_ShowString(2,4,"  ");}
 103   1              else {  LCD_ShowNum(2,4,DS1302_Time[4],2);}     //显示分
 104   1              if(TimeSetSelect==5 && TimeSetFlashFlag==1)     {LCD_ShowString(2,7,"  ");}
 105   1              else {  LCD_ShowNum(2,7,DS1302_Time[5],2);}     //显示秒
 106   1              if(TimeSetSelect==6 && TimeSetFlashFlag==1)     {LCD_ShowString(1,10,"  ");}
 107   1              else {  LCD_ShowNum(1,10,DS1302_Time[6],1);}//显示星期
 108   1      }
 109          
 110          
 111          void main()
 112          {
 113   1              LCD_Init();                     //LCD液晶显示屏初始化
 114   1              DS1302_Init();          //DS1302时钟芯片初始化
 115   1              Timer0Init();           //定时器0初始化
 116   1              LCD_ShowString(1,1,"  -  -  ");         //显示静态字符
C51 COMPILER V9.54   MAIN                                                                  02/22/2026 17:07:14 PAGE 3   

 117   1              LCD_ShowString(2,1,"  :  :  ");
 118   1              
 119   1              DS1302_SetTime();               //设置芯片时间
 120   1              while(1)
 121   1              {
 122   2                      KeyNum=Key();   //按键检测  
 123   2                      if(KeyNum==1)   //按键1按下时，切换时间显示与时间设置模式
 124   2                      {
 125   3                              if(MODE==0)     {MODE=1;TimeSetSelect=0;}       //切换到时间设置模式，并将时间设置选择位清零
 126   3                              else if(MODE==1)        {MODE=0;DS1302_SetTime();}      //切换到时间显示模式，并把设置的时间写入
             -芯片
 127   3                      }
 128   2                      switch(MODE)            //判断时间模式，执行相应的程序
 129   2                      {
 130   3                              case 0: TimeShow();break;
 131   3                              case 1: TimeSet();break;
 132   3                      }               
 133   2              }
 134   1      }
 135          
 136          void Timer0_Routine() interrupt 1
 137          {
 138   1              static unsigned int T0Count;
 139   1              
 140   1              TL0 = 0x66;             //设置定时初值
 141   1              TH0 = 0xFC;             //设置定时初值
 142   1              T0Count++;
 143   1              if(T0Count>=500)
 144   1              {
 145   2                      TimeSetFlashFlag=!TimeSetFlashFlag;             //时间设置闪烁标志位取反
 146   2                      T0Count=0;
 147   2              }
 148   1      }


MODULE INFORMATION:   STATIC OVERLAYABLE
   CODE SIZE        =   1052    ----
   CONSTANT SIZE    =     21    ----
   XDATA SIZE       =   ----    ----
   PDATA SIZE       =   ----    ----
   DATA SIZE        =      6    ----
   IDATA SIZE       =   ----    ----
   BIT SIZE         =   ----    ----
END OF MODULE INFORMATION.


C51 COMPILATION COMPLETE.  0 WARNING(S),  0 ERROR(S)
