C51 COMPILER V9.54   MAIN                                                                  03/01/2026 21:12:46 PAGE 1   


C51 COMPILER V9.54, COMPILATION OF MODULE MAIN
OBJECT MODULE PLACED IN .\Objects\main.obj
COMPILER INVOKED BY: D:\keil5\C51\BIN\C51.EXE main.c OPTIMIZE(8,SPEED) BROWSE DEBUG OBJECTEXTEND PRINT(.\Listings\main.l
                    -st) OBJECT(.\Objects\main.obj)

line level    source

   1          #include <REGX52.H>
   2          #include "Delay.h"
   3          #include "Timer0.h"
   4          
   5          //蜂鸣器引脚定义
   6          sbit Buzzer=P2^5;
   7          
   8          //C调音符对应频率，再转换为定时器的重装载值
   9          unsigned int FreqTable[]={
  10                  63628,63731,63835,63928,64021,64103,64185,64260,64331,64400,64463,64524,//低音
  11                  64580,64633,64684,64732,64777,64820,64860,64898,64934,64968,65000,65030,//中音
  12                  65058,65085,65110,65134,65157,65178,65198,65217,65235,65252,65268,65283,//高音
  13          };
  14          
  15          //小星星
  16          unsigned int code Music[]={
  17                  12,12,19,19,21,21,19,19,17,17,16,16,14,14,12,12,19,19,17,17,16,16,14,14,
  18                  19,19,17,17,16,16,14,14,12,12,19,19,21,21,19,19,17,17,16,16,14,14,12,12,
  19                  
  20                  
  21                  0xFF,
  22          };
  23          unsigned char FreqSelect,MusicSelect;//蜂鸣器发声频率选择位与音乐音高选择位
  24          
  25          void main()
  26          {
  27   1              Timer0Init();   //定时器初始化
  28   1              
  29   1              while(1)
  30   1              {
  31   2                      if(Music[MusicSelect]!=0xFF)    //      当选择频率不是终止位时
  32   2                      {
  33   3                              FreqSelect=Music[MusicSelect];  
  34   3                              Delay(500);
  35   3                              MusicSelect++;  
  36   3                              
  37   3                              TR0=0;
  38   3                              Delay(5);       //音符间短暂停顿
  39   3                              TR0=1;
  40   3                      
  41   3                      }
  42   2                      else            // 音乐播放完毕后继续播放
  43   2                      {
  44   3                              MusicSelect=0;
  45   3                              FreqSelect=Music[MusicSelect];
  46   3                              
  47   3                      }
  48   2                      
  49   2              }
  50   1      }
  51          
  52          void Timer0_Routine() interrupt 1
  53          {
  54   1              
C51 COMPILER V9.54   MAIN                                                                  03/01/2026 21:12:46 PAGE 2   

  55   1              TL0 = FreqTable[FreqSelect]%256;                //设置定时初值
  56   1              TH0 = FreqTable[FreqSelect]/256;                //设置定时初值
  57   1              Buzzer=!Buzzer;         //蜂鸣器反转发声
  58   1      
  59   1              
  60   1      }


MODULE INFORMATION:   STATIC OVERLAYABLE
   CODE SIZE        =    112    ----
   CONSTANT SIZE    =     98    ----
   XDATA SIZE       =   ----    ----
   PDATA SIZE       =   ----    ----
   DATA SIZE        =     74    ----
   IDATA SIZE       =   ----    ----
   BIT SIZE         =   ----    ----
END OF MODULE INFORMATION.


C51 COMPILATION COMPLETE.  0 WARNING(S),  0 ERROR(S)
