C51 COMPILER V9.54   MAIN                                                                  02/20/2026 23:05:35 PAGE 1   


C51 COMPILER V9.54, COMPILATION OF MODULE MAIN
OBJECT MODULE PLACED IN .\Objects\main.obj
COMPILER INVOKED BY: D:\keil5\C51\BIN\C51.EXE main.c OPTIMIZE(8,SPEED) BROWSE DEBUG OBJECTEXTEND PRINT(.\Listings\main.l
                    -st) OBJECT(.\Objects\main.obj)

line level    source

   1          #include <REGX52.H>
   2          #include "Delay.h"
   3          #include "MatrixLED.h"
   4          
   5          
   6          //unsigned char MatrixLED[]={
   7          //      0x00,0x00,0xFE,0x10,0x10,0x10,0xFE,0x00,
   8          //      0x1C,0x2A,0x2A,0x2A,0x18,0x00,0xFE,0x02,
   9          //      0x04,0x00,0xFE,0x02,0x04,0x00,0x1C,0x22,
  10          //      0x22,0x22,0x1C,0x00,0x00,0x00,0x00,0x00,
  11          //      0x00,0x00,};//每列所要显示的数据（Hello！）
  12          
  13          //unsigned char i,Offset,Count;
  14          
  15          //void main()           //动画流动显示Hello!
  16          //{
  17          //      while(1)
  18          //      {
  19          //              for(i=0;i<8;i++)                //LED点阵屏不断扫描，显示数据
  20          //              {
  21          //                      MatrixLED_Show(i,MatrixLED[i+Offset]);
  22          //              }
  23          //              Count++;                                //扫描完一遍后计次
  24          //              if(Count>10)                    //计到10个后清零，并开始偏移
  25          //              {
  26          //                      Count=0;
  27          //                      Offset++;
  28          //                      if(Offset>26)           //偏移到最大值后清零，重复最开始的动画
  29          //                      {
  30          //                              Offset=0;
  31          //                      }
  32          //              }
  33          //      }
  34          //}
  35          
  36          /*-------------------------------------------------------------------------------------------*/
  37          
  38          //unsigned char MatrixLED[]={
  39          //      0x3C,0x42,0xA9,0x85,0x85,0xA9,0x42,0x3C,
  40          //      0x3C,0x42,0xA1,0x85,0x85,0xA1,0x42,0x3C,
  41          //      0x3C,0x42,0xA5,0x89,0x89,0xA5,0x42,0x3C,};//动画帧，8个一组，笑脸、哭脸与平常
  42          
  43          unsigned char MatrixLED[]={
  44                  0x00,0x00,0x1B,0x3C,0xF8,0xFC,0x3B,0x00,0x00,0x1B,0x3C,0xFC,0xFF,0x3A,0x00,0x00,
  45                  0x00,0x00,0x0B,0x1C,0x7C,0x7E,0x1B,0x00,0x00,0x1B,0x3C,0xFC,0xFF,0x3A,0x00,0x00,};//动画帧，鸡哥铁
             -山靠，四帧动画
  46          
  47          unsigned char i,Offset,Count;
  48          
  49          void main()             //动画显示笑脸、哭脸、平常脸，8个为一帧一起变
  50          {
  51   1              while(1)
  52   1              {
  53   2                      for(i=0;i<8;i++)                //LED点阵屏不断扫描，显示数据
C51 COMPILER V9.54   MAIN                                                                  02/20/2026 23:05:35 PAGE 2   

  54   2                      {
  55   3                              MatrixLED_Show(i,MatrixLED[i+Offset]);
  56   3                      }
  57   2                      Count++;                                //扫描完一遍后计次
  58   2                      if(Count>10)                    //计到10个后清零，并开始偏移
  59   2                      {
  60   3                              Count=0;
  61   3                              Offset+=8;
  62   3                              if(Offset>16)           //偏移到最大值后清零，重复最开始的动画
  63   3                              {
  64   4                                      Offset=0;
  65   4                              }
  66   3                      }
  67   2              }
  68   1      }
  69          


MODULE INFORMATION:   STATIC OVERLAYABLE
   CODE SIZE        =     56    ----
   CONSTANT SIZE    =   ----    ----
   XDATA SIZE       =   ----    ----
   PDATA SIZE       =   ----    ----
   DATA SIZE        =     35    ----
   IDATA SIZE       =   ----    ----
   BIT SIZE         =   ----    ----
END OF MODULE INFORMATION.


C51 COMPILATION COMPLETE.  0 WARNING(S),  0 ERROR(S)
