C51 COMPILER V9.54   MAIN                                                                  02/18/2026 15:24:03 PAGE 1   


C51 COMPILER V9.54, COMPILATION OF MODULE MAIN
OBJECT MODULE PLACED IN .\Objects\main.obj
COMPILER INVOKED BY: D:\keil5\C51\BIN\C51.EXE main.c OPTIMIZE(8,SPEED) BROWSE DEBUG OBJECTEXTEND PRINT(.\Listings\main.l
                    -st) OBJECT(.\Objects\main.obj)

line level    source

   1          #include <REGX52.H>
   2          #include "Delay.h"
   3          #include "MatrixLED.h"
   4          
   5          
   6          unsigned char MatrixLED[]={0x3C,0x42,0xA9,0x85,0x85,0xA9,0x42,0x3C};//每列所要显示的数据
   7          unsigned char Column;
   8          
   9          void main()
  10          {
  11   1              while(1)
  12   1              {
  13   2                      for(Column=0;Column<8;Column++)         //循环显示每列数据，点亮LED点阵屏
  14   2                      {
  15   3                              MatrixLED_Show(Column,MatrixLED[Column]);
  16   3      
  17   3                      }
  18   2              }
  19   1      }


MODULE INFORMATION:   STATIC OVERLAYABLE
   CODE SIZE        =     28    ----
   CONSTANT SIZE    =   ----    ----
   XDATA SIZE       =   ----    ----
   PDATA SIZE       =   ----    ----
   DATA SIZE        =      9    ----
   IDATA SIZE       =   ----    ----
   BIT SIZE         =   ----    ----
END OF MODULE INFORMATION.


C51 COMPILATION COMPLETE.  0 WARNING(S),  0 ERROR(S)
