C51 COMPILER V9.54   MAIN                                                                  02/09/2026 21:56:56 PAGE 1   


C51 COMPILER V9.54, COMPILATION OF MODULE MAIN
OBJECT MODULE PLACED IN .\Objects\main.obj
COMPILER INVOKED BY: D:\keil5\C51\BIN\C51.EXE main.c OPTIMIZE(8,SPEED) BROWSE DEBUG OBJECTEXTEND PRINT(.\Listings\main.l
                    -st) OBJECT(.\Objects\main.obj)

line level    source

   1          #include <REGX52.H>
   2          #include <INTRINS.H>
   3          
   4          unsigned char NixieTable[]={0x3F,0x06,0x5B,0x4F,0x66,0x6D,0x7D,0x07,0x7F,0x6F};
   5          
   6          void Delay(unsigned char xms)           //@11.0592MHz
   7          {
   8   1              unsigned char i, j;
   9   1              while(xms--)
  10   1              {
  11   2                      _nop_();
  12   2                      i = 2;
  13   2                      j = 199;
  14   2                      do
  15   2                      {
  16   3                              while (--j);
  17   3                      } while (--i);
  18   2              }
  19   1              
  20   1      }
  21          
  22          void Nixie(unsigned char Location,Number)
  23          {
  24   1              switch(Location)
  25   1              {
  26   2                      case 1:P2_4=1,P2_3=1,P2_2=1;break;
  27   2                      case 2:P2_4=1,P2_3=1,P2_2=0;break;
  28   2                      case 3:P2_4=1,P2_3=0,P2_2=1;break;
  29   2                      case 4:P2_4=1,P2_3=0,P2_2=0;break;
  30   2                      case 5:P2_4=0,P2_3=1,P2_2=1;break;
  31   2                      case 6:P2_4=0,P2_3=1,P2_2=0;break;
  32   2                      case 7:P2_4=0,P2_3=0,P2_2=1;break;
  33   2                      case 8:P2_4=0,P2_3=0,P2_2=0;break;
  34   2              }
  35   1              
  36   1              P0=NixieTable[Number];
  37   1              Delay(1);
  38   1              P0=0x00;
  39   1      }
  40                  
  41          void main()
  42          {
  43   1              
  44   1              while(1)
  45   1              {
  46   2                      Nixie(1,1);
  47   2      //              Delay(20);
  48   2                      Nixie(2,2);
  49   2      //              Delay(20);
  50   2                      Nixie(3,3);
  51   2      //              Delay(20);
  52   2      
  53   2              }
  54   1      }
C51 COMPILER V9.54   MAIN                                                                  02/09/2026 21:56:56 PAGE 2   



MODULE INFORMATION:   STATIC OVERLAYABLE
   CODE SIZE        =    150    ----
   CONSTANT SIZE    =   ----    ----
   XDATA SIZE       =   ----    ----
   PDATA SIZE       =   ----    ----
   DATA SIZE        =     10    ----
   IDATA SIZE       =   ----    ----
   BIT SIZE         =   ----    ----
END OF MODULE INFORMATION.


C51 COMPILATION COMPLETE.  0 WARNING(S),  0 ERROR(S)
