C51 COMPILER V9.54   MAIN                                                                  02/09/2026 21:36:26 PAGE 1   


C51 COMPILER V9.54, COMPILATION OF MODULE MAIN
OBJECT MODULE PLACED IN .\Objects\main.obj
COMPILER INVOKED BY: D:\keil5\C51\BIN\C51.EXE main.c OPTIMIZE(8,SPEED) BROWSE DEBUG OBJECTEXTEND PRINT(.\Listings\main.l
                    -st) OBJECT(.\Objects\main.obj)

line level    source

   1          #include <REGX52.H>
   2          
   3          unsigned char NixieTable[]={0x3F,0x06,0x5B,0x4F,0x66,0x6D,0x7D,0x07,0x7F,0x6F};
   4          void Nixie(unsigned char Location,Number)
   5          {
   6   1              switch(Location)
   7   1              {
   8   2                      case 1:P2_4=1,P2_3=1,P2_2=1;break;
   9   2                      case 2:P2_4=1,P2_3=1,P2_2=0;break;
  10   2                      case 3:P2_4=1,P2_3=0,P2_2=1;break;
  11   2                      case 4:P2_4=1,P2_3=0,P2_2=0;break;
  12   2                      case 5:P2_4=0,P2_3=1,P2_2=1;break;
  13   2                      case 6:P2_4=0,P2_3=1,P2_2=0;break;
  14   2                      case 7:P2_4=0,P2_3=0,P2_2=1;break;
  15   2                      case 8:P2_4=0,P2_3=0,P2_2=0;break;
  16   2              }
  17   1              /*switch(Number)
  18   1              {
  19   1                      case 0:P0=0x3F;break;
  20   1                      case 1:P0=0x06;break;
  21   1                      case 2:P0=0x5B;break;
  22   1                      case 3:P0=0x4F;break;
  23   1                      case 4:P0=0x66;break;
  24   1                      case 5:P0=0x6D;break;
  25   1                      case 6:P0=0x7D;break;
  26   1                      case 7:P0=0x07;break;
  27   1                      case 8:P0=0x7F;break;
  28   1                      case 9:P0=0x6F;break;
  29   1      
  30   1              }*/
  31   1              P0=NixieTable[Number];
  32   1      }
  33                  
  34          void main()
  35          {
  36   1              Nixie(3,0);
  37   1              while(1)
  38   1              {
  39   2                      
  40   2              }
  41   1      }


MODULE INFORMATION:   STATIC OVERLAYABLE
   CODE SIZE        =    109    ----
   CONSTANT SIZE    =   ----    ----
   XDATA SIZE       =   ----    ----
   PDATA SIZE       =   ----    ----
   DATA SIZE        =     10    ----
   IDATA SIZE       =   ----    ----
   BIT SIZE         =   ----    ----
END OF MODULE INFORMATION.


C51 COMPILATION COMPLETE.  0 WARNING(S),  0 ERROR(S)
