C51 COMPILER V9.54   MAIN                                                                  02/10/2026 20:27:31 PAGE 1   


C51 COMPILER V9.54, COMPILATION OF MODULE MAIN
OBJECT MODULE PLACED IN .\Objects\main.obj
COMPILER INVOKED BY: D:\keil5\C51\BIN\C51.EXE main.c OPTIMIZE(8,SPEED) BROWSE DEBUG OBJECTEXTEND PRINT(.\Listings\main.l
                    -st) OBJECT(.\Objects\main.obj)

line level    source

   1          #include <REGX52.H>
   2          #include "LCD1602.h"
   3          #include "MatrixKey.h"
   4          
   5          void main()
   6          {
   7   1              unsigned char KeyNum=0;
   8   1              LCD_Init();
   9   1              LCD_ShowString(1,1,"MatrixKey:");
  10   1              while(1)
  11   1              {
  12   2                      KeyNum=MatrixKey();
  13   2                      if(KeyNum)
  14   2                      {
  15   3                              LCD_ShowNum(2,1,KeyNum,2);
  16   3                      }
  17   2              }
  18   1              
  19   1      }


MODULE INFORMATION:   STATIC OVERLAYABLE
   CODE SIZE        =     43    ----
   CONSTANT SIZE    =     11    ----
   XDATA SIZE       =   ----    ----
   PDATA SIZE       =   ----    ----
   DATA SIZE        =   ----       1
   IDATA SIZE       =   ----    ----
   BIT SIZE         =   ----    ----
END OF MODULE INFORMATION.


C51 COMPILATION COMPLETE.  0 WARNING(S),  0 ERROR(S)
