C51 COMPILER V9.54   MATRIXKEY                                                             02/10/2026 20:21:53 PAGE 1   


C51 COMPILER V9.54, COMPILATION OF MODULE MATRIXKEY
OBJECT MODULE PLACED IN .\Objects\MatrixKey.obj
COMPILER INVOKED BY: D:\keil5\C51\BIN\C51.EXE MatrixKey.c OPTIMIZE(8,SPEED) BROWSE DEBUG OBJECTEXTEND PRINT(.\Listings\M
                    -atrixKey.lst) OBJECT(.\Objects\MatrixKey.obj)

line level    source

   1          #include <REGX52.H>
   2          #include "Delay.h"
   3          
   4          unsigned char KeyNumber=0;
   5          
   6          unsigned char MatrixKey()
   7          {
   8   1              
   9   1              
  10   1                      /*P1=0xFF;  按列扫描
  11   1                      P1_3=0;
  12   1                      if(P1_7==0){Delay(20);while(P1_7==0);Delay(20);KeyNumber=1;}
  13   1                      if(P1_6==0){Delay(20);while(P1_6==0);Delay(20);KeyNumber=5;}
  14   1                      if(P1_5==0){Delay(20);while(P1_5==0);Delay(20);KeyNumber=9;}
  15   1                      if(P1_4==0){Delay(20);while(P1_4==0);Delay(20);KeyNumber=13;}
  16   1      
  17   1                      P1=0xFF;
  18   1                      P1_2=0;
  19   1                      if(P1_7==0){Delay(20);while(P1_7==0);Delay(20);KeyNumber=2;}
  20   1                      if(P1_6==0){Delay(20);while(P1_6==0);Delay(20);KeyNumber=6;}
  21   1                      if(P1_5==0){Delay(20);while(P1_5==0);Delay(20);KeyNumber=10;}
  22   1                      if(P1_4==0){Delay(20);while(P1_4==0);Delay(20);KeyNumber=14;}
  23   1      
  24   1                      P1=0xFF;
  25   1                      P1_1=0;
  26   1                      if(P1_7==0){Delay(20);while(P1_7==0);Delay(20);KeyNumber=3;}
  27   1                      if(P1_6==0){Delay(20);while(P1_6==0);Delay(20);KeyNumber=7;}
  28   1                      if(P1_5==0){Delay(20);while(P1_5==0);Delay(20);KeyNumber=11;}
  29   1                      if(P1_4==0){Delay(20);while(P1_4==0);Delay(20);KeyNumber=15;}
  30   1      
  31   1                      P1=0xFF;
  32   1                      P1_0=0;
  33   1                      if(P1_7==0){Delay(20);while(P1_7==0);Delay(20);KeyNumber=4;}
  34   1                      if(P1_6==0){Delay(20);while(P1_6==0);Delay(20);KeyNumber=8;}
  35   1                      if(P1_5==0){Delay(20);while(P1_5==0);Delay(20);KeyNumber=12;}
  36   1                      if(P1_4==0){Delay(20);while(P1_4==0);Delay(20);KeyNumber=16;}
  37   1                      */ 
  38   1                      
  39   1                      P1=0xFF;  //按行扫描
  40   1                      P1_7=0;
  41   1                      if(P1_3==0){Delay(20);while(P1_3==0);Delay(20);KeyNumber=1;}
  42   1                      if(P1_2==0){Delay(20);while(P1_2==0);Delay(20);KeyNumber=2;}
  43   1                      if(P1_1==0){Delay(20);while(P1_1==0);Delay(20);KeyNumber=3;}
  44   1                      if(P1_0==0){Delay(20);while(P1_0==0);Delay(20);KeyNumber=4;}
  45   1      
  46   1                      P1=0xFF;
  47   1                      P1_6=0;
  48   1                      if(P1_3==0){Delay(20);while(P1_3==0);Delay(20);KeyNumber=5;}
  49   1                      if(P1_2==0){Delay(20);while(P1_2==0);Delay(20);KeyNumber=6;}
  50   1                      if(P1_1==0){Delay(20);while(P1_1==0);Delay(20);KeyNumber=7;}
  51   1                      if(P1_0==0){Delay(20);while(P1_0==0);Delay(20);KeyNumber=8;}
  52   1      
  53   1                      P1=0xFF;
  54   1                      P1_5=0;
C51 COMPILER V9.54   MATRIXKEY                                                             02/10/2026 20:21:53 PAGE 2   

  55   1                      if(P1_3==0){Delay(20);while(P1_3==0);Delay(20);KeyNumber=9;}
  56   1                      if(P1_2==0){Delay(20);while(P1_2==0);Delay(20);KeyNumber=10;}
  57   1                      if(P1_1==0){Delay(20);while(P1_1==0);Delay(20);KeyNumber=11;}
  58   1                      if(P1_0==0){Delay(20);while(P1_0==0);Delay(20);KeyNumber=12;}
  59   1      
  60   1                      P1=0xFF;
  61   1                      P1_4=0;
  62   1                      if(P1_3==0){Delay(20);while(P1_3==0);Delay(20);KeyNumber=13;}
  63   1                      if(P1_2==0){Delay(20);while(P1_2==0);Delay(20);KeyNumber=14;}
  64   1                      if(P1_1==0){Delay(20);while(P1_1==0);Delay(20);KeyNumber=15;}
  65   1                      if(P1_0==0){Delay(20);while(P1_0==0);Delay(20);KeyNumber=16;}
  66   1                      return KeyNumber;
  67   1      }
  68          


MODULE INFORMATION:   STATIC OVERLAYABLE
   CODE SIZE        =    391    ----
   CONSTANT SIZE    =   ----    ----
   XDATA SIZE       =   ----    ----
   PDATA SIZE       =   ----    ----
   DATA SIZE        =      1    ----
   IDATA SIZE       =   ----    ----
   BIT SIZE         =   ----    ----
END OF MODULE INFORMATION.


C51 COMPILATION COMPLETE.  0 WARNING(S),  0 ERROR(S)
