C51 COMPILER V9.54   MAIN                                                                  03/14/2026 14:46:44 PAGE 1   


C51 COMPILER V9.54, COMPILATION OF MODULE MAIN
OBJECT MODULE PLACED IN .\Objects\main.obj
COMPILER INVOKED BY: D:\keil5\C51\BIN\C51.EXE main.c OPTIMIZE(8,SPEED) BROWSE DEBUG OBJECTEXTEND PRINT(.\Listings\main.l
                    -st) OBJECT(.\Objects\main.obj)

line level    source

   1          #include <REGX52.H>
   2          #include "LCD1602.h"
   3          #include "DS18B20.h"
   4          #include "Key.h"
   5          #include "Delay.h"
   6          #include "Timer0.h"
   7          #include "AT24C02.h"
   8          
   9          
  10          float T,Temp;
  11          char THigh,TLow;
  12          unsigned char KeyNum;
  13          
  14          void main()
  15          {
  16   1              DS18B20_ConvertT();                     //上电先转换一次温度，防止第一次读数据错误
  17   1              Delay(500);                                     //等待转换完成
  18   1              LCD_Init();                                     //LCD1602初始化
  19   1              Timer0_Init();                          //定时器0初始化
  20   1              THigh=AT24C02_ReadByte(0x00);           //读取AT24C02中存放的温度阈值
  21   1              TLow=AT24C02_ReadByte(0x01);
  22   1      //      if(THigh>125 || TLow<-55 || THigh<=TLow)
  23   1      //      {
  24   1      //              THigh=20;                       //如果阈值非法，则设为默认值
  25   1      //              TLow=15;
  26   1      //      }
  27   1              while(1)
  28   1              {
  29   2                      DS18B20_ConvertT();             //温度转换
  30   2                      T=DS18B20_ReadT();              //温度读取
  31   2                      LCD_ShowString(1,1,"T:");
  32   2                      if(T<0)                                 //显示实时温度
  33   2                      {
  34   3                              Temp=-T;
  35   3                              LCD_ShowChar(1,3,'-');
  36   3                      }
  37   2                      else
  38   2                      {
  39   3                                      Temp=T;
  40   3                              LCD_ShowChar(1,3,'+');
  41   3                      }
  42   2                      LCD_ShowNum(1,4,Temp,3);
  43   2                      LCD_ShowChar(1,7,'.');
  44   2                      LCD_ShowNum(1,8,(unsigned long) (Temp*100)%100,2);
  45   2      
  46   2                      LCD_ShowString(2,1,"TH:");              //显示温度阈值
  47   2                      LCD_ShowSignedNum(2,4,THigh,3);
  48   2                      LCD_ShowString(2,9,"TL:");              
  49   2                      LCD_ShowSignedNum(2,12,TLow,3);
  50   2                      
  51   2                      KeyNum=Key();                                   //按键功能制定
  52   2                      if(KeyNum)
  53   2                      {
  54   3                              if(KeyNum==1)                           //增加温度上限阈值
C51 COMPILER V9.54   MAIN                                                                  03/14/2026 14:46:44 PAGE 2   

  55   3                              {
  56   4                                      THigh++;
  57   4                                      if(THigh>=125)
  58   4                                      {
  59   5                                              THigh=125;
  60   5                                      }
  61   4                              }
  62   3                              if(KeyNum==2)                           //降低温度上限阈值
  63   3                              {
  64   4                                      THigh--;
  65   4                                      if(THigh<=TLow)
  66   4                                      {
  67   5                                              THigh++;
  68   5                                      }
  69   4      
  70   4                              }
  71   3                              if(KeyNum==3)                           //增加温度下限阈值
  72   3                              {
  73   4                                      TLow++;
  74   4                                      if(THigh<=TLow)
  75   4                                      {
  76   5                                              TLow--;
  77   5                                      }
  78   4                              }
  79   3                              if(KeyNum==4)                           //降低温度下限阈值
  80   3                              {
  81   4                                      TLow--;
  82   4                                      if(TLow<=-55)
  83   4                                      {
  84   5                                              TLow=-55;
  85   5                                      }
  86   4                              }
  87   3                              AT24C02_WriteByte(0x00,THigh);          //将温度阈值写入AT24C02中存储，掉电不丢失，E2PROM
  88   3                              Delay(5);
  89   3                              AT24C02_WriteByte(0x01,TLow);
  90   3                              Delay(5);               
  91   3                      }
  92   2                      
  93   2                      if(T>THigh)                                             //温度报警显示
  94   2                      {
  95   3                              LCD_ShowString(1,13,"OVH");
  96   3                      }
  97   2                      else if(T<TLow)
  98   2                      {
  99   3                              LCD_ShowString(1,13,"UNL");
 100   3                      }
 101   2                      else
 102   2                      {
 103   3                              LCD_ShowString(1,13,"   ");             
 104   3                      }
 105   2              }
 106   1      }
 107          
 108          void Timer0_Routine() interrupt 1
 109          {
 110   1              static unsigned int T0Count;
 111   1              
 112   1              TL0 = 0x66;             //设置定时初值
 113   1              TH0 = 0xFC;             //设置定时初值
 114   1              T0Count++;
 115   1              if(T0Count>=20)
 116   1              {
C51 COMPILER V9.54   MAIN                                                                  03/14/2026 14:46:44 PAGE 3   

 117   2                      Key_Loop();                     //按键驱动函数，每20ms调用一次
 118   2                      T0Count=0;
 119   2              }
 120   1      }


MODULE INFORMATION:   STATIC OVERLAYABLE
   CODE SIZE        =    548    ----
   CONSTANT SIZE    =     23    ----
   XDATA SIZE       =   ----    ----
   PDATA SIZE       =   ----    ----
   DATA SIZE        =     13    ----
   IDATA SIZE       =   ----    ----
   BIT SIZE         =   ----    ----
END OF MODULE INFORMATION.


C51 COMPILATION COMPLETE.  0 WARNING(S),  0 ERROR(S)
