C51 COMPILER V9.54   MAIN                                                                  02/13/2026 16:56:05 PAGE 1   


C51 COMPILER V9.54, COMPILATION OF MODULE MAIN
OBJECT MODULE PLACED IN .\Objects\main.obj
COMPILER INVOKED BY: D:\keil5\C51\BIN\C51.EXE main.c OPTIMIZE(8,SPEED) BROWSE DEBUG OBJECTEXTEND PRINT(.\Listings\main.l
                    -st) OBJECT(.\Objects\main.obj)

line level    source

   1          #include <REGX52.H>
   2          #include "Delay.h"
   3          #include "UART.h"
   4          
   5          unsigned char Sec;      //通过串口向电脑发送数据，从零开始，数据每秒递增1
   6          
   7          void main()
   8          {
   9   1              UART_Init();    //串口初始化
  10   1              while(1)
  11   1              {       
  12   2                      UART_SendByte(Sec);             //串口向电脑发送1字节数据
  13   2                      Sec++;
  14   2                      Delay(1000);    //延时1s
  15   2      
  16   2              }
  17   1      }
  18          


MODULE INFORMATION:   STATIC OVERLAYABLE
   CODE SIZE        =     19    ----
   CONSTANT SIZE    =   ----    ----
   XDATA SIZE       =   ----    ----
   PDATA SIZE       =   ----    ----
   DATA SIZE        =      1    ----
   IDATA SIZE       =   ----    ----
   BIT SIZE         =   ----    ----
END OF MODULE INFORMATION.


C51 COMPILATION COMPLETE.  0 WARNING(S),  0 ERROR(S)
