C51 COMPILER V9.54   UART                                                                  02/13/2026 16:53:00 PAGE 1   


C51 COMPILER V9.54, COMPILATION OF MODULE UART
OBJECT MODULE PLACED IN .\Objects\UART.obj
COMPILER INVOKED BY: D:\keil5\C51\BIN\C51.EXE UART.c OPTIMIZE(8,SPEED) BROWSE DEBUG OBJECTEXTEND PRINT(.\Listings\UART.l
                    -st) OBJECT(.\Objects\UART.obj)

line level    source

   1          #include <REGX52.H>
   2          
   3          /**
   4           * @brief       串口初始化
   5           * @param       无
   6           * @retval      无
   7           */
   8          void UART_Init(void)            //9600bps@11.0592MHz
   9          {
  10   1              PCON = 0x00;            //波特率不倍速
  11   1              SCON = 0x50;            //8位数据,可变波特率
  12   1      
  13   1              TMOD &= 0x0F;           //清除定时器1模式位
  14   1              TMOD |= 0x20;           //设定定时器1为8位自动重装方式
  15   1              TL1 = 0xFD;             //设定定时初值
  16   1              TH1 = 0xFD;             //设定定时器重装值
  17   1              ET1 = 0;                //禁止定时器1中断
  18   1              TR1 = 1;                //启动定时器1
  19   1      }
  20          
  21          /**
  22           * @brief       通过串口向外发送1字节数据
  23           * @param       Byte，要发送的字节数据
  24           * @retval      无
  25           */
  26          void UART_SendByte(unsigned char Byte)
  27          {
  28   1              SBUF=Byte;
  29   1              TI=0;
  30   1      }


MODULE INFORMATION:   STATIC OVERLAYABLE
   CODE SIZE        =     28    ----
   CONSTANT SIZE    =   ----    ----
   XDATA SIZE       =   ----    ----
   PDATA SIZE       =   ----    ----
   DATA SIZE        =   ----    ----
   IDATA SIZE       =   ----    ----
   BIT SIZE         =   ----    ----
END OF MODULE INFORMATION.


C51 COMPILATION COMPLETE.  0 WARNING(S),  0 ERROR(S)
