C51 COMPILER V9.54   MAIN                                                                  02/13/2026 10:03:01 PAGE 1   


C51 COMPILER V9.54, COMPILATION OF MODULE MAIN
OBJECT MODULE PLACED IN .\Objects\main.obj
COMPILER INVOKED BY: D:\keil5\C51\BIN\C51.EXE main.c OPTIMIZE(8,SPEED) BROWSE DEBUG OBJECTEXTEND PRINT(.\Listings\main.l
                    -st) OBJECT(.\Objects\main.obj)

line level    source

   1          #include <REGX52.H>
   2          #include "Timer0.h"
   3          #include "Key.h"
   4          #include "INTRINS.h"
   5          
   6          unsigned char KeyNum,LEDMode;
   7          
   8          void main()
   9          {
  10   1              Timer0Init();   //定时器初始化
  11   1              P2=0xFE;                //流水灯初始值
  12   1              while(1)
  13   1              {
  14   2                      KeyNum=Key();   //按键检测
  15   2                      if(KeyNum)
  16   2                      {
  17   3                              if(KeyNum==1)
  18   3                              {
  19   4                                      LEDMode++;      //LED模式切换
  20   4                                      
  21   4                                      if(LEDMode>=2)
  22   4                                      {
  23   5                                              LEDMode=0;
  24   5                                      }
  25   4                              }
  26   3                      }
  27   2              }
  28   1      }
  29          
  30          void Timer0_Routine() interrupt 1
  31          {
  32   1              static unsigned int T0Count;    
  33   1              TL0 = 0x66;             //设置定时初值
  34   1              TH0 = 0xFC;             //设置定时初值
  35   1              T0Count++;
  36   1              if(T0Count>=500)
  37   1              {
  38   2                      T0Count=0;              
  39   2                      if(LEDMode==0)  //当LEDMode等于0时，P2值循环右移，反映在本板上流水灯向左移动
  40   2                      {
  41   3                              P2=_cror_(P2,1);
  42   3                      }
  43   2                      if(LEDMode==1)  //当LEDMode等于1时，P2值循环左移，反映在本板上流水灯向右移动
  44   2                      {
  45   3                              P2=_crol_(P2,1);
  46   3                      }
  47   2                      
  48   2              }
  49   1      }


MODULE INFORMATION:   STATIC OVERLAYABLE
   CODE SIZE        =    116    ----
   CONSTANT SIZE    =   ----    ----
C51 COMPILER V9.54   MAIN                                                                  02/13/2026 10:03:01 PAGE 2   

   XDATA SIZE       =   ----    ----
   PDATA SIZE       =   ----    ----
   DATA SIZE        =      4    ----
   IDATA SIZE       =   ----    ----
   BIT SIZE         =   ----    ----
END OF MODULE INFORMATION.


C51 COMPILATION COMPLETE.  0 WARNING(S),  0 ERROR(S)
