C51 COMPILER V9.54   TIMER0                                                                02/13/2026 09:51:18 PAGE 1   


C51 COMPILER V9.54, COMPILATION OF MODULE TIMER0
OBJECT MODULE PLACED IN .\Objects\Timer0.obj
COMPILER INVOKED BY: D:\keil5\C51\BIN\C51.EXE Timer0.c OPTIMIZE(8,SPEED) BROWSE DEBUG OBJECTEXTEND PRINT(.\Listings\Time
                    -r0.lst) OBJECT(.\Objects\Timer0.obj)

line level    source

   1          #include <REGX52.H>
   2          
   3          /**
   4           * @brief   定时器0初始化，计时周期为1ms
   5           * @param   无
   6           * @retval  无
   7           */
   8           
   9          void Timer0Init(void)           //1000微秒@11.0592MHz
  10          {
  11   1              TMOD &= 0xF0;           //设置定时器模式
  12   1              TMOD |= 0x01;           //设置定时器模式
  13   1              TL0 = 0x66;             //设置定时初值
  14   1              TH0 = 0xFC;             //设置定时初值
  15   1              TF0 = 0;                //清除TF0标志
  16   1              TR0 = 1;                //定时器0开始计时
  17   1              
  18   1              EA=1;           //设置总体开中断
  19   1              ET0=1;                  //设置允许定时器0中断
  20   1              PT0=0;                  //设置定时器0的中断优先级
  21   1      }
  22          
  23          //void Timer0_Routine() interrupt 1
  24          //{
  25          //      TL0 = 0x66;             //设置定时初值
  26          //      TH0 = 0xFC;             //设置定时初值
  27          //      Count++;
  28          //      if(Count>=1000)
  29          //      {
  30          //              
  31          //              Count=0;
  32          //      }
  33          //}


MODULE INFORMATION:   STATIC OVERLAYABLE
   CODE SIZE        =     23    ----
   CONSTANT SIZE    =   ----    ----
   XDATA SIZE       =   ----    ----
   PDATA SIZE       =   ----    ----
   DATA SIZE        =   ----    ----
   IDATA SIZE       =   ----    ----
   BIT SIZE         =   ----    ----
END OF MODULE INFORMATION.


C51 COMPILATION COMPLETE.  0 WARNING(S),  0 ERROR(S)
