C51 COMPILER V9.54   MAIN                                                                  02/13/2026 12:41:48 PAGE 1   


C51 COMPILER V9.54, COMPILATION OF MODULE MAIN
OBJECT MODULE PLACED IN .\Objects\main.obj
COMPILER INVOKED BY: D:\keil5\C51\BIN\C51.EXE main.c OPTIMIZE(8,SPEED) BROWSE DEBUG OBJECTEXTEND PRINT(.\Listings\main.l
                    -st) OBJECT(.\Objects\main.obj)

line level    source

   1          #include <REGX52.H>
   2          #include "LCD1602.h"
   3          #include "Timer0.h"
   4          
   5          unsigned char Sec,Min,Hour;
   6          
   7          void main()
   8          {
   9   1              Timer0Init();
  10   1              LCD_Init();
  11   1              LCD_ShowString(1,1,"CLOCK: ");  //显示时钟CLOCK
  12   1              LCD_ShowString(2,1,"  :  :  "); //显示冒号
  13   1              while(1)
  14   1              {
  15   2                      LCD_ShowNum(2,1,Hour,2);        //显示小时
  16   2                      LCD_ShowNum(2,4,Min,2);         //显示分
  17   2                      LCD_ShowNum(2,7,Sec,2);         //显示秒
  18   2              }
  19   1      }
  20          
  21          void Timer0_Routine() interrupt 1
  22          {
  23   1              static unsigned int T0Count;
  24   1              
  25   1              TL0 = 0x66;             //设置定时初值
  26   1              TH0 = 0xFC;             //设置定时初值
  27   1              T0Count++;
  28   1              if(T0Count>=1000)
  29   1              {
  30   2                      Sec++;          //秒针动作
  31   2                      if(Sec>=60)
  32   2                      {
  33   3                              Sec=0;
  34   3                              Min++;  //秒针到位，分针进位
  35   3                              if(Min>=60)
  36   3                              {
  37   4                                      Min=0;
  38   4                                      Hour++;
  39   4                                      if(Hour>=24)    //分针到位，时针进位
  40   4                                      {
  41   5                                              Sec=0;
  42   5                                              Min=0;
  43   5                                              Hour=0;
  44   5                                      }
  45   4                              }
  46   3                      }
  47   2                      T0Count=0;
  48   2              }
  49   1      }


MODULE INFORMATION:   STATIC OVERLAYABLE
   CODE SIZE        =    156    ----
   CONSTANT SIZE    =     17    ----
C51 COMPILER V9.54   MAIN                                                                  02/13/2026 12:41:48 PAGE 2   

   XDATA SIZE       =   ----    ----
   PDATA SIZE       =   ----    ----
   DATA SIZE        =      5    ----
   IDATA SIZE       =   ----    ----
   BIT SIZE         =   ----    ----
END OF MODULE INFORMATION.


C51 COMPILATION COMPLETE.  0 WARNING(S),  0 ERROR(S)
