C51 COMPILER V9.54   MAIN                                                                  03/21/2026 20:11:14 PAGE 1   


C51 COMPILER V9.54, COMPILATION OF MODULE MAIN
OBJECT MODULE PLACED IN .\Objects\main.obj
COMPILER INVOKED BY: D:\keil5\C51\BIN\C51.EXE main.c OPTIMIZE(8,SPEED) BROWSE DEBUG OBJECTEXTEND PRINT(.\Listings\main.l
                    -st) OBJECT(.\Objects\main.obj)

line level    source

   1          #include <REGX52.H>
   2          #include "LCD1602.h"
   3          #include "XPT2046.h"
   4          #include "Delay.h"
   5          
   6          unsigned int ADValue;
   7          
   8          void main()
   9          {
  10   1              LCD_Init();
  11   1              LCD_ShowString(1,1,"ADJ");              //可变电阻器值
  12   1              LCD_ShowString(1,5,"NTC");              //热敏电阻器值
  13   1              LCD_ShowString(1,9,"GR");               //光敏电阻器值
  14   1              while(1)
  15   1              {
  16   2                      ADValue=XPT2046_ReadAD(XPT2046_XP);
  17   2                      LCD_ShowNum(2,1,ADValue,3);             
  18   2                      ADValue=XPT2046_ReadAD(XPT2046_YP);
  19   2                      LCD_ShowNum(2,5,ADValue,3);             
  20   2                      ADValue=XPT2046_ReadAD(XPT2046_VBAT);
  21   2                      LCD_ShowNum(2,9,ADValue,3);             
  22   2      
  23   2              }
  24   1      }


MODULE INFORMATION:   STATIC OVERLAYABLE
   CODE SIZE        =    113    ----
   CONSTANT SIZE    =     11    ----
   XDATA SIZE       =   ----    ----
   PDATA SIZE       =   ----    ----
   DATA SIZE        =      2    ----
   IDATA SIZE       =   ----    ----
   BIT SIZE         =   ----    ----
END OF MODULE INFORMATION.


C51 COMPILATION COMPLETE.  0 WARNING(S),  0 ERROR(S)
