C51 COMPILER V9.54   MAIN                                                                  02/13/2026 19:47:07 PAGE 1   


C51 COMPILER V9.54, COMPILATION OF MODULE MAIN
OBJECT MODULE PLACED IN .\Objects\main.obj
COMPILER INVOKED BY: D:\keil5\C51\BIN\C51.EXE main.c OPTIMIZE(8,SPEED) BROWSE DEBUG OBJECTEXTEND PRINT(.\Listings\main.l
                    -st) OBJECT(.\Objects\main.obj)

line level    source

   1          #include <REGX52.H>
   2          #include "UART.h"
   3          
   4          void main()
   5          {
   6   1              UART_Init();    //串口初始化
   7   1              while(1)
   8   1              {       
   9   2                      
  10   2                      
  11   2              }
  12   1      }
  13          
  14          void UART_Routine() interrupt 4 //串口中断程序
  15          {
  16   1              if(RI==1)       //当接收标志位置1时，串口向电脑发送收到的值，并取反LED0;
  17   1              {
  18   2                      P2=~SBUF;       
  19   2                      UART_SendByte(SBUF);
  20   2                      RI=0;
  21   2              }
  22   1      }


MODULE INFORMATION:   STATIC OVERLAYABLE
   CODE SIZE        =     76    ----
   CONSTANT SIZE    =   ----    ----
   XDATA SIZE       =   ----    ----
   PDATA SIZE       =   ----    ----
   DATA SIZE        =   ----    ----
   IDATA SIZE       =   ----    ----
   BIT SIZE         =   ----    ----
END OF MODULE INFORMATION.


C51 COMPILATION COMPLETE.  0 WARNING(S),  0 ERROR(S)
