C51 COMPILER V9.54   MAIN                                                                  02/23/2026 23:16:44 PAGE 1   


C51 COMPILER V9.54, COMPILATION OF MODULE MAIN
OBJECT MODULE PLACED IN .\Objects\main.obj
COMPILER INVOKED BY: D:\keil5\C51\BIN\C51.EXE main.c OPTIMIZE(8,SPEED) BROWSE DEBUG OBJECTEXTEND PRINT(.\Listings\main.l
                    -st) OBJECT(.\Objects\main.obj)

line level    source

   1          #include <REGX52.H>
   2          #include "Delay.h"
   3          #include "Timer0.h"
   4          
   5          //蜂鸣器引脚定义
   6          
   7          sbit Buzzer=P2^5;
   8          
   9          //
  10          #define P       0               
  11          #define L1      1               
  12          #define L1_     2                       
  13          #define L2      3               
  14          #define L2_     4               
  15          #define L3      5               
  16          #define L4      6               
  17          #define L4_     7               
  18          #define L5      8               
  19          #define L5_     9               
  20          #define L6      10              
  21          #define L6_     11              
  22          #define L7      12              
  23          
  24          #define M1      13              
  25          #define M1_     14                      
  26          #define M2      15              
  27          #define M2_     16              
  28          #define M3      17              
  29          #define M4      18              
  30          #define M4_     19              
  31          #define M5      20              
  32          #define M5_     21              
  33          #define M6      22              
  34          #define M6_     23              
  35          #define M7      24              
  36          
  37          #define H1      25              
  38          #define H1_     26                      
  39          #define H2      27              
  40          #define H2_     28              
  41          #define H3      29              
  42          #define H4      30              
  43          #define H4_     31              
  44          #define H5      32              
  45          #define H5_     33              
  46          #define H6      34              
  47          #define H6_     35              
  48          #define H7      36              
  49          
  50          
  51          //C调音符对应频率，再转换为定时器的重装载值
  52          unsigned int FreqTable[]={
  53                  0,
  54                  63628,63731,63835,63928,64021,64103,64185,64260,64331,64400,64463,64524,//低音
C51 COMPILER V9.54   MAIN                                                                  02/23/2026 23:16:44 PAGE 2   

  55                  64580,64633,64684,64732,64777,64820,64860,64898,64934,64968,65000,65030,//中音
  56                  65058,65085,65110,65134,65157,65178,65198,65217,65235,65252,65268,65283,//高音
  57          };
  58          
  59          //天空之城  音高+时长
  60          unsigned int code Music[]={
  61                  //1
  62                  M1,4,
  63                  M1,4,
  64                  M5,4,
  65                  M5,4,
  66                  
  67                  M6,4,
  68                  M6,4,
  69                  M5,4+4,
  70                  
  71                  M4,4,
  72                  M4,4,
  73                  M3,4,
  74                  M3,4,
  75                  
  76                  M2,4,
  77                  M2,4,
  78                  M1,4+4,
  79                  
  80                  M5,4,
  81                  M5,4,
  82                  M4,4,
  83                  M4,4,
  84                  
  85                  M3,4,
  86                  M3,4,
  87                  M2,4+4,
  88                  
  89                  //2
  90                  M5,4,
  91                  M5,4,
  92                  M4,4,
  93                  M4,4,
  94                  
  95                  M3,4,
  96                  M3,4,
  97                  M2,4+4,
  98                  
  99                  M1,4,
 100                  M1,4,
 101                  M5,4,
 102                  M5,4,
 103                  
 104                  M6,4,
 105                  M6,4,
 106                  M5,4+4,
 107                  
 108                  M4,4,
 109                  M4,4,
 110                  M3,4,
 111                  M3,4,
 112                  
 113                  M2,4,
 114                  M2,4,
 115                  M1,4+4,
 116                  
C51 COMPILER V9.54   MAIN                                                                  02/23/2026 23:16:44 PAGE 3   

 117                  
 118                  
 119                  
 120                  
 121                  
 122                  0xFF,
 123          };
 124          unsigned char FreqSelect,MusicSelect;//蜂鸣器发声频率选择位与音乐音高选择位
 125          
 126          void main()
 127          {
 128   1              Timer0Init();   //定时器初始化
 129   1              
 130   1              while(1)
 131   1              {
 132   2                      if(FreqSelect!=0xFF)    //      当选择频率不是终止位时
 133   2                      {
 134   3                              FreqSelect=Music[MusicSelect];
 135   3                              MusicSelect++;                  
 136   3                              Delay(MusicSelect*125);                 
 137   3                              MusicSelect++;
 138   3      
 139   3                              TR0=0;
 140   3                              Delay(5);       //音符间短暂停顿
 141   3                              TR0=1;
 142   3                      
 143   3                      }
 144   2                      else            // 音乐播放完毕后继续播放
 145   2                      {
 146   3                              MusicSelect=0;
 147   3                              FreqSelect=Music[MusicSelect];
 148   3                              
 149   3                      }
 150   2                      
 151   2              }
 152   1      }
 153          
 154          void Timer0_Routine() interrupt 1
 155          {
 156   1              
 157   1              TL0 = FreqTable[FreqSelect]%256;                //设置定时初值
 158   1              TH0 = FreqTable[FreqSelect]/256;                //设置定时初值
 159   1              Buzzer=!Buzzer;         //蜂鸣器反转发声
 160   1      
 161   1              
 162   1      
 163   1      }


MODULE INFORMATION:   STATIC OVERLAYABLE
   CODE SIZE        =    116    ----
   CONSTANT SIZE    =    170    ----
   XDATA SIZE       =   ----    ----
   PDATA SIZE       =   ----    ----
   DATA SIZE        =     76    ----
   IDATA SIZE       =   ----    ----
   BIT SIZE         =   ----    ----
END OF MODULE INFORMATION.


C51 COMPILATION COMPLETE.  0 WARNING(S),  0 ERROR(S)
