C51 COMPILER V9.54   MAIN                                                                  02/21/2026 15:27:48 PAGE 1   


C51 COMPILER V9.54, COMPILATION OF MODULE MAIN
OBJECT MODULE PLACED IN .\Objects\main.obj
COMPILER INVOKED BY: D:\keil5\C51\BIN\C51.EXE main.c OPTIMIZE(8,SPEED) BROWSE DEBUG OBJECTEXTEND PRINT(.\Listings\main.l
                    -st) OBJECT(.\Objects\main.obj)

line level    source

   1          #include <REGX52.H>
   2          #include "LCD1602.h"
   3          #include "DS1302.h"
   4          
   5          void main()
   6          {
   7   1              LCD_Init();                     //LCD液晶显示屏初始化
   8   1              DS1302_Init();          //DS1302时钟芯片初始化
   9   1                      
  10   1              LCD_ShowString(1,1,"  -  -  ");         //显示日期和时间相关字符
  11   1              LCD_ShowString(2,1,"  :  :  ");
  12   1              
  13   1              DS1302_SetTime();               //设置芯片时间
  14   1              while(1)
  15   1              {
  16   2      
  17   2                      DS1302_ReadTime();              //读取芯片时间
  18   2                      LCD_ShowNum(1,1,DS1302_Time[0],2);      //显示年
  19   2                      LCD_ShowNum(1,4,DS1302_Time[1],2);      //显示月
  20   2                      LCD_ShowNum(1,7,DS1302_Time[2],2);      //显示日
  21   2                      LCD_ShowNum(2,1,DS1302_Time[3],2);      //显示时
  22   2                      LCD_ShowNum(2,4,DS1302_Time[4],2);      //显示分
  23   2                      LCD_ShowNum(2,7,DS1302_Time[5],2);      //显示秒
  24   2                      LCD_ShowNum(1,10,DS1302_Time[6],1);     //显示星期
  25   2                      
  26   2                      
  27   2              }
  28   1      }


MODULE INFORMATION:   STATIC OVERLAYABLE
   CODE SIZE        =    145    ----
   CONSTANT SIZE    =     18    ----
   XDATA SIZE       =   ----    ----
   PDATA SIZE       =   ----    ----
   DATA SIZE        =   ----    ----
   IDATA SIZE       =   ----    ----
   BIT SIZE         =   ----    ----
END OF MODULE INFORMATION.


C51 COMPILATION COMPLETE.  0 WARNING(S),  0 ERROR(S)
