C51 COMPILER V9.54   MAIN                                                                  02/08/2026 22:15:01 PAGE 1   


C51 COMPILER V9.54, COMPILATION OF MODULE MAIN
OBJECT MODULE PLACED IN .\Objects\main.obj
COMPILER INVOKED BY: D:\keil5\C51\BIN\C51.EXE main.c OPTIMIZE(8,SPEED) BROWSE DEBUG OBJECTEXTEND PRINT(.\Listings\main.l
                    -st) OBJECT(.\Objects\main.obj)

line level    source

   1          #include <REGX52.H>
   2          #include <INTRINS.H>
   3          
   4          void Delay(xms)         //@11.0592MHz
   5          {
   6   1              while(xms)
   7   1              {       
   8   2                      unsigned char i, j;
   9   2      
  10   2                      _nop_();
  11   2                      i = 2;
  12   2                      j = 199;
  13   2                      do
  14   2                      {
  15   3                              while (--j);
  16   3                      } while (--i);
  17   2                      xms--;
  18   2              }
  19   1      }
  20          
  21          
  22          void main()
  23          {
  24   1              while(1)
  25   1              {
  26   2                      if(P3_1==0)
  27   2                      {
  28   3                              Delay(20);
  29   3                              while(P3_1==0);
  30   3                              Delay(20);
  31   3                              P2_0=~P2_0;
  32   3                      }
  33   2              }
  34   1                      
  35   1      }


MODULE INFORMATION:   STATIC OVERLAYABLE
   CODE SIZE        =     49    ----
   CONSTANT SIZE    =   ----    ----
   XDATA SIZE       =   ----    ----
   PDATA SIZE       =   ----    ----
   DATA SIZE        =   ----       2
   IDATA SIZE       =   ----    ----
   BIT SIZE         =   ----    ----
END OF MODULE INFORMATION.


C51 COMPILATION COMPLETE.  0 WARNING(S),  0 ERROR(S)
