C51 COMPILER V9.54   ONEWIRE                                                               03/08/2026 23:02:33 PAGE 1   


C51 COMPILER V9.54, COMPILATION OF MODULE ONEWIRE
OBJECT MODULE PLACED IN .\Objects\OneWire.obj
COMPILER INVOKED BY: D:\keil5\C51\BIN\C51.EXE OneWire.c OPTIMIZE(8,SPEED) BROWSE DEBUG OBJECTEXTEND PRINT(.\Listings\One
                    -Wire.lst) OBJECT(.\Objects\OneWire.obj)

line level    source

   1          #include <REGX52.H>
   2          
   3          //引脚定义
   4          sbit OneWire_DQ=P3^7;
   5          
   6          /**
   7            * @brief  单总线初始化
   8            * @param  无
   9            * @retval 从机响应位，0为响应，1为未响应
  10            */
  11          unsigned char OneWire_Init(void)
  12          {
  13   1              unsigned char i;        
  14   1              unsigned char AckBit;   
  15   1              OneWire_DQ=1;
  16   1              OneWire_DQ=0;
  17   1              i = 227;while (--i);      // Delay 500us
  18   1              OneWire_DQ=1;
  19   1              i = 34;while (--i);               // Delay 80us
  20   1              AckBit=OneWire_DQ;
  21   1              i = 227;while (--i);      // Delay 500us
  22   1              return AckBit;
  23   1      }
  24          
  25          /**
  26            * @brief  单总线发送一位
  27            * @param  Bit 要发送的位
  28            * @retval 无
  29            */
  30          void OneWire_SendBit(unsigned char Bit)
  31          {
  32   1              unsigned char i;
  33   1              OneWire_DQ=0;
  34   1              i = 4;while (--i);                // Delay 10us
  35   1              OneWire_DQ=Bit;
  36   1              i = 22;while (--i);               // Delay 50us
  37   1              OneWire_DQ=1;   
  38   1      }
  39          
  40          /**
  41            * @brief  单总线接收一位
  42            * @param  无
  43            * @retval 读取的位
  44            */
  45          unsigned char OneWire_ReceiveBit(void)
  46          {
  47   1              unsigned char Bit;
  48   1              unsigned char i;
  49   1              
  50   1              OneWire_DQ=0;
  51   1              i = 2;while (--i);                // Delay 5us
  52   1              OneWire_DQ=1;
  53   1              i = 2;while (--i);                // Delay 5us
  54   1              Bit=OneWire_DQ;
C51 COMPILER V9.54   ONEWIRE                                                               03/08/2026 23:02:33 PAGE 2   

  55   1              i = 22;while (--i);               // Delay 50us
  56   1              
  57   1              return Bit;
  58   1      }
  59          
  60          /**
  61            * @brief  单总线发送一个字节
  62            * @param  Byte 要发送的字节
  63            * @retval 无
  64            */
  65          void OneWire_SendByte(unsigned char Byte)
  66          {
  67   1              unsigned char i;
  68   1              for(i=0;i<8;i++)
  69   1              {
  70   2                      OneWire_SendBit(Byte&(0x01<<i));
  71   2              }
  72   1      }
  73          
  74          /**
  75            * @brief  单总线接收一个字节
  76            * @param  无
  77            * @retval 接收的一个字节
  78            */
  79          unsigned char OneWire_ReceiveByte(void)
  80          {
  81   1              unsigned char Byte=0x00;
  82   1              unsigned char i;
  83   1              for(i=0;i<8;i++)
  84   1              {
  85   2                      if(OneWire_ReceiveBit()) {Byte |= (0x01<<i);}
  86   2              }
  87   1              
  88   1              return Byte;
  89   1      }


MODULE INFORMATION:   STATIC OVERLAYABLE
   CODE SIZE        =    122    ----
   CONSTANT SIZE    =   ----    ----
   XDATA SIZE       =   ----    ----
   PDATA SIZE       =   ----    ----
   DATA SIZE        =   ----    ----
   IDATA SIZE       =   ----    ----
   BIT SIZE         =   ----    ----
END OF MODULE INFORMATION.


C51 COMPILATION COMPLETE.  0 WARNING(S),  0 ERROR(S)
