C51 COMPILER V9.54   MAIN                                                                  02/09/2026 23:41:07 PAGE 1   


C51 COMPILER V9.54, COMPILATION OF MODULE MAIN
OBJECT MODULE PLACED IN .\Objects\main.obj
COMPILER INVOKED BY: D:\keil5\C51\BIN\C51.EXE main.c OPTIMIZE(8,SPEED) BROWSE DEBUG OBJECTEXTEND PRINT(.\Listings\main.l
                    -st) OBJECT(.\Objects\main.obj)

line level    source

   1          #include <REGX52.H>
   2          #include "LCD1602.h"
   3          #include "Delay.h"
   4          
   5          void main()
   6          {
   7   1              unsigned int Result=0;
   8   1              LCD_Init();
   9   1              LCD_ShowChar(1,1,'A');
  10   1              LCD_ShowString(1,3,"Hello");
  11   1              LCD_ShowNum(1,9,200,3);
  12   1              LCD_ShowSignedNum(1,13,-99,2);
  13   1              LCD_ShowHexNum(2,1,0xFF,2);
  14   1              LCD_ShowBinNum(2,4,0xAA,8);
  15   1              while(1)
  16   1              {
  17   2                      Result++;
  18   2                      Delay(1000);
  19   2                      LCD_ShowNum(2,13,Result,3);
  20   2              }
  21   1      }


MODULE INFORMATION:   STATIC OVERLAYABLE
   CODE SIZE        =    117    ----
   CONSTANT SIZE    =      6    ----
   XDATA SIZE       =   ----    ----
   PDATA SIZE       =   ----    ----
   DATA SIZE        =   ----       2
   IDATA SIZE       =   ----    ----
   BIT SIZE         =   ----    ----
END OF MODULE INFORMATION.


C51 COMPILATION COMPLETE.  0 WARNING(S),  0 ERROR(S)
