C51 COMPILER V9.54   MAIN                                                                  03/01/2026 21:30:49 PAGE 1   


C51 COMPILER V9.54, COMPILATION OF MODULE MAIN
OBJECT MODULE PLACED IN .\Objects\main.obj
COMPILER INVOKED BY: D:\keil5\C51\BIN\C51.EXE main.c OPTIMIZE(8,SPEED) BROWSE DEBUG OBJECTEXTEND PRINT(.\Listings\main.l
                    -st) OBJECT(.\Objects\main.obj)

line level    source

   1          #include <REGX52.H>
   2          #include "Delay.h"
   3          #include "Timer0.h"
   4          
   5          //蜂鸣器引脚定义
   6          
   7          sbit Buzzer=P2^5;
   8          
   9          //音调定义 P代表休止符  L代表低音 M代表中音 H代表高音 下划线代表升半音#
  10          #define P       0               
  11          #define L1      1               
  12          #define L1_     2                       
  13          #define L2      3               
  14          #define L2_     4               
  15          #define L3      5               
  16          #define L4      6               
  17          #define L4_     7               
  18          #define L5      8               
  19          #define L5_     9               
  20          #define L6      10              
  21          #define L6_     11              
  22          #define L7      12              
  23          
  24          #define M1      13              
  25          #define M1_     14                      
  26          #define M2      15              
  27          #define M2_     16              
  28          #define M3      17              
  29          #define M4      18              
  30          #define M4_     19              
  31          #define M5      20              
  32          #define M5_     21              
  33          #define M6      22              
  34          #define M6_     23              
  35          #define M7      24              
  36          
  37          #define H1      25              
  38          #define H1_     26                      
  39          #define H2      27              
  40          #define H2_     28              
  41          #define H3      29              
  42          #define H4      30              
  43          #define H4_     31              
  44          #define H5      32              
  45          #define H5_     33              
  46          #define H6      34              
  47          #define H6_     35              
  48          #define H7      36              
  49          
  50          //播放速度，值为四分音符的时长(ms)
  51          #define SPEED   500
  52          
  53          //C调音符对应频率，再转换为定时器的重装载值
  54          unsigned int FreqTable[]={
C51 COMPILER V9.54   MAIN                                                                  03/01/2026 21:30:49 PAGE 2   

  55                  0,
  56                  63628,63731,63835,63928,64021,64103,64185,64260,64331,64400,64463,64524,//低音
  57                  64580,64633,64684,64732,64777,64820,64860,64898,64934,64968,65000,65030,//中音
  58                  65058,65085,65110,65134,65157,65178,65198,65217,65235,65252,65268,65283,//高音
  59          };
  60          
  61          //天空之城  音高+时长
  62          unsigned int code Music[]={
  63                  //1
  64                  P,      4,
  65                  P,      4,
  66                  P,      4,
  67                  M6,     2,
  68                  M7,     2,
  69                  
  70                  H1,     4+2,
  71                  M7,     2,
  72                  H1,     4,
  73                  H3,     4,
  74                  
  75                  M7,     4+4+4,
  76                  M3,     2,
  77                  M3,     2,
  78                  
  79                  //2
  80                  M6,     4+2,
  81                  M5,     2,
  82                  M6, 4,
  83                  H1,     4,
  84                  
  85                  M5,     4+4+4,
  86                  M3,     4,
  87                  
  88                  M4,     4+2,
  89                  M3,     2,
  90                  M4,     4,
  91                  H1,     4,
  92                  
  93                  //3
  94                  M3,     4+4,
  95                  P,      2,
  96                  H1,     2,
  97                  H1,     2,
  98                  H1,     2,
  99                  
 100                  M7,     4+2,
 101                  M4_,2,
 102                  M4_,4,
 103                  M7,     4,
 104                  
 105                  M7,     8,
 106                  P,      4,
 107                  M6,     2,
 108                  M7,     2,
 109                  
 110                  //4
 111                  H1,     4+2,
 112                  M7,     2,
 113                  H1,     4,
 114                  H3,     4,
 115                  
 116                  M7,     4+4+4,
C51 COMPILER V9.54   MAIN                                                                  03/01/2026 21:30:49 PAGE 3   

 117                  M3,     2,
 118                  M3,     2,
 119                  
 120                  M6,     4+2,
 121                  M5,     2,
 122                  M6, 4,
 123                  H1,     4,
 124                  
 125                  //5
 126                  M5,     4+4+4,
 127                  M2,     2,
 128                  M3,     2,
 129                  
 130                  M4,     4,
 131                  H1,     2,
 132                  M7,     2+2,
 133                  H1,     2+4,
 134                  
 135                  H2,     2,
 136                  H2,     2,
 137                  H3,     2,
 138                  H1,     2+4+4,
 139                  
 140                  //6
 141                  H1,     2,
 142                  M7,     2,
 143                  M6,     2,
 144                  M6,     2,
 145                  M7,     4,
 146                  M5_,4,
 147                  
 148                  
 149                  M6,     4+4+4,
 150                  H1,     2,
 151                  H2,     2,
 152                  
 153                  H3,     4+2,
 154                  H2,     2,
 155                  H3,     4,
 156                  H5,     4,
 157                  
 158                  //7
 159                  H2,     4+4+4,
 160                  M5,     2,
 161                  M5,     2,
 162                  
 163                  H1,     4+2,
 164                  M7,     2,
 165                  H1,     4,
 166                  H3,     4,
 167                  
 168                  H3,     4+4+4+4,
 169                  
 170                  //8
 171                  M6,     2,
 172                  M7,     2,
 173                  H1,     4,
 174                  M7,     4,
 175                  H2,     2,
 176                  H2,     2,
 177                  
 178                  H1,     4+2,
C51 COMPILER V9.54   MAIN                                                                  03/01/2026 21:30:49 PAGE 4   

 179                  M5,     2+4+4,
 180                  
 181                  H4,     4,
 182                  H3,     4,
 183                  H3,     4,
 184                  H1,     4,
 185                  
 186                  //9
 187                  H3,     4+4+4,
 188                  H3,     4,
 189                  
 190                  H6,     4+4,
 191                  H5,     4,
 192                  H5,     4,
 193                  
 194                  H3,     2,
 195                  H2,     2,
 196                  H1,     4+4,
 197                  P,      2,
 198                  H1,     2,
 199                  
 200                  //10
 201                  H2,     4,
 202                  H1,     2,
 203                  H2,     2,
 204                  H2,     4,
 205                  H5,     4,
 206                  
 207                  H3,     4+4+4,
 208                  H3,     4,
 209                  
 210                  H6,     4+4,
 211                  H5,     4+4,
 212                  
 213                  //11
 214                  H3,     2,
 215                  H2,     2,
 216                  H1,     4+4,
 217                  P,      2,
 218                  H1,     2,
 219                  
 220                  H2,     4,
 221                  H1,     2,
 222                  H2,     2+4,
 223                  M7,     4,
 224                  
 225                  M6,     4+4+4,
 226                  P,      4,
 227                  
 228                  0xFF    //终止标志
 229          };
 230          unsigned char FreqSelect,MusicSelect;
 231          
 232          void main()
 233          {
 234   1              Timer0Init();
 235   1              while(1)
 236   1              {
 237   2                      if(Music[MusicSelect]!=0xFF)    //如果不是停止标志位
 238   2                      {
 239   3                              FreqSelect=Music[MusicSelect];  //选择音符对应的频率
 240   3                              MusicSelect++;
C51 COMPILER V9.54   MAIN                                                                  03/01/2026 21:30:49 PAGE 5   

 241   3                              Delay(SPEED/4*Music[MusicSelect]);      //选择音符对应的时值
 242   3                              MusicSelect++;
 243   3                              TR0=0;
 244   3                              Delay(5);       //音符间短暂停顿
 245   3                              TR0=1;
 246   3                      }
 247   2                      else    //如果是停止标志位
 248   2                      {
 249   3                              TR0=0;
 250   3                              while(1);
 251   3                      }
 252   2              }
 253   1      }
 254          
 255          void Timer0_Routine() interrupt 1
 256          {
 257   1              if(FreqTable[FreqSelect])       //如果不是休止符
 258   1              {
 259   2                      /*取对应频率值的重装载值到定时器*/
 260   2                      TL0 = FreqTable[FreqSelect]%256;                //设置定时初值
 261   2                      TH0 = FreqTable[FreqSelect]/256;                //设置定时初值
 262   2                      Buzzer=!Buzzer; //翻转蜂鸣器IO口
 263   2              }
 264   1      }


MODULE INFORMATION:   STATIC OVERLAYABLE
   CODE SIZE        =    138    ----
   CONSTANT SIZE    =    482    ----
   XDATA SIZE       =   ----    ----
   PDATA SIZE       =   ----    ----
   DATA SIZE        =     76    ----
   IDATA SIZE       =   ----    ----
   BIT SIZE         =   ----    ----
END OF MODULE INFORMATION.


C51 COMPILATION COMPLETE.  0 WARNING(S),  0 ERROR(S)
