C51 COMPILER V9.54   I2C                                                                   03/06/2026 22:36:38 PAGE 1   


C51 COMPILER V9.54, COMPILATION OF MODULE I2C
OBJECT MODULE PLACED IN .\Objects\I2C.obj
COMPILER INVOKED BY: D:\keil5\C51\BIN\C51.EXE I2C.c OPTIMIZE(8,SPEED) BROWSE DEBUG OBJECTEXTEND PRINT(.\Listings\I2C.lst
                    -) OBJECT(.\Objects\I2C.obj)

line level    source

   1          #include <REGX52.H>
   2          
   3          //I2C SCL(Serial Clock) SDA(Serial Data)引脚定义
   4          sbit I2C_SCL=P2^1;
   5          sbit I2C_SDA=P2^0;
   6          
   7          /**
   8           * @brief       I2C开始
   9           * @param       无
  10           * @retval      无
  11           */
  12          void I2C_Start(void)
  13          {
  14   1              I2C_SDA=1;              //先将SDA拉高，再将SCL拉高，在SCL为高电平期间，SDA不能随意变动
  15   1              I2C_SCL=1;
  16   1              I2C_SDA=0;
  17   1              I2C_SCL=0;
  18   1      }
  19          
  20          /**
  21           * @brief       I2C结束
  22           * @param       无
  23           * @retval      无
  24           */
  25          void I2C_Stop(void)
  26          {
  27   1              I2C_SCL=0;
  28   1              I2C_SDA=0;
  29   1              I2C_SCL=1;      
  30   1              I2C_SDA=1;
  31   1      }
  32          
  33          /**
  34           * @brief       I2C发送一个字节
  35           * @param       Byte 要发送的这个字节数据
  36           * @retval      无
  37           */
  38          void I2C_SendByte(unsigned char Byte)
  39          {
  40   1              unsigned char i;
  41   1              
  42   1              for(i=0;i<8;i++)        //逐次将SDA上的数据发送出去
  43   1              {
  44   2                      I2C_SDA=Byte&(0x80>>i);
  45   2                      I2C_SCL=1;
  46   2                      I2C_SCL=0;
  47   2              }
  48   1              
  49   1      }
  50          
  51          /**
  52           * @brief       I2C接收一个字节
  53           * @param       无
  54           * @retval      接收到的字节数据
C51 COMPILER V9.54   I2C                                                                   03/06/2026 22:36:38 PAGE 2   

  55           */
  56          unsigned char I2C_ReceiveByte(void)
  57          {
  58   1              unsigned char Byte=0x00,i;
  59   1              
  60   1              I2C_SDA=1;              //先将SDA上的数据释放
  61   1              for(i=0;i<8;i++)        //逐次将SDA上的数据读取进来
  62   1              {
  63   2                      if(I2C_SDA) {Byte |= (0x80>>i);}
  64   2                      I2C_SCL=1;
  65   2                      I2C_SCL=0;
  66   2              }
  67   1              
  68   1              return Byte;
  69   1      }
  70          
  71          /**
  72           * @brief       I2C发送应答
  73           * @param       AckBit I2C发送应答位，0为应答，1为非应答
  74           * @retval      无
  75           */
  76          void I2C_SendAck(unsigned char AckBit)
  77          {
  78   1              I2C_SDA=AckBit;
  79   1              I2C_SCL=1;
  80   1              I2C_SCL=0;
  81   1      }
  82          
  83          /**
  84           * @brief       I2C接收应答
  85           * @param       无
  86          * @retval       接收到的应答位，0为应答，1为非应答
  87           */
  88          unsigned char I2C_ReceiveAck(void)
  89          {
  90   1              unsigned char AckBit;
  91   1              
  92   1              I2C_SDA=1;              //先将SDA上的数据释放
  93   1              AckBit=I2C_SDA; 
  94   1              I2C_SCL=1;      
  95   1              I2C_SCL=0;
  96   1              
  97   1              return AckBit;
  98   1      }


MODULE INFORMATION:   STATIC OVERLAYABLE
   CODE SIZE        =    111    ----
   CONSTANT SIZE    =   ----    ----
   XDATA SIZE       =   ----    ----
   PDATA SIZE       =   ----    ----
   DATA SIZE        =   ----    ----
   IDATA SIZE       =   ----    ----
   BIT SIZE         =   ----    ----
END OF MODULE INFORMATION.


C51 COMPILATION COMPLETE.  0 WARNING(S),  0 ERROR(S)
