C51 COMPILER V9.54   MAIN                                                                  03/06/2026 22:46:26 PAGE 1   


C51 COMPILER V9.54, COMPILATION OF MODULE MAIN
OBJECT MODULE PLACED IN .\Objects\main.obj
COMPILER INVOKED BY: D:\keil5\C51\BIN\C51.EXE main.c OPTIMIZE(8,SPEED) BROWSE DEBUG OBJECTEXTEND PRINT(.\Listings\main.l
                    -st) OBJECT(.\Objects\main.obj)

line level    source

   1          #include <REGX52.H>
   2          #include "LCD1602.h"
   3          #include "Delay.h"
   4          #include "Key.h"
   5          #include "AT24C02.h"
   6          
   7          unsigned char KeyNum;   //键码值
   8          unsigned int Num;               //要显示的数据
   9          
  10          void main()
  11          {
  12   1              LCD_Init();
  13   1              LCD_ShowString(1,1,"Hello!");
  14   1              LCD_ShowNum(2,1,Num,5);                 //初始化LCD显示
  15   1              while(1)
  16   1              {
  17   2                      KeyNum=Key();   //获取键码值
  18   2                      if(KeyNum==1)   //按键1按下，数据+1
  19   2                      {
  20   3                              Num++;
  21   3                              LCD_ShowNum(2,1,Num,5);
  22   3                      }
  23   2                      if(KeyNum==2)   //按键2按下，数据-1
  24   2                      {
  25   3                              Num--;
  26   3                              LCD_ShowNum(2,1,Num,5);
  27   3                      }
  28   2                      if(KeyNum==3)   //按键3按下，将数据写入AT24C02，E2PROM，掉电不丢失
  29   2                      {
  30   3                              AT24C02_WriteByte(0,Num%256);
  31   3                              Delay(5);
  32   3                              AT24C02_WriteByte(1,Num/256);
  33   3                              LCD_ShowString(2,1,"Write OK!");
  34   3                              Delay(1000);
  35   3                              LCD_ShowString(2,1,"         ");
  36   3                      }
  37   2                      if(KeyNum==4)   //按键4按下，从AT24C02中读出数据，E2PROM，掉电不丢失
  38   2                      {
  39   3                              Num=AT24C02_ReadByte(0);
  40   3                              Num|=AT24C02_ReadByte(1)<<8;
  41   3                              LCD_ShowNum(2,1,Num,5);                 
  42   3                      }
  43   2              }
  44   1      }


MODULE INFORMATION:   STATIC OVERLAYABLE
   CODE SIZE        =    193    ----
   CONSTANT SIZE    =     27    ----
   XDATA SIZE       =   ----    ----
   PDATA SIZE       =   ----    ----
   DATA SIZE        =      3    ----
   IDATA SIZE       =   ----    ----
   BIT SIZE         =   ----    ----
C51 COMPILER V9.54   MAIN                                                                  03/06/2026 22:46:26 PAGE 2   

END OF MODULE INFORMATION.


C51 COMPILATION COMPLETE.  0 WARNING(S),  0 ERROR(S)
